<?xml version="1.0" encoding="UTF-8"?>
<!-- Generated by org.testng.reporters.JUnitXMLReporter -->
<testsuite hostname="KONGZHAOLEI" name="HttpServiceTest" tests="19" failures="0" timestamp="17 Sep 2015 07:42:11 GMT" time="96.734" errors="0">
  <testcase name="test0" time="4.958" classname="org.gradle.HttpServiceTest"/>
  <testcase name="test0" time="5.495" classname="org.gradle.HttpServiceTest"/>
  <testcase name="test0" time="5.255" classname="org.gradle.HttpServiceTest"/>
  <testcase name="test0" time="5.238" classname="org.gradle.HttpServiceTest"/>
  <testcase name="test0" time="4.874" classname="org.gradle.HttpServiceTest"/>
  <testcase name="test0" time="4.162" classname="org.gradle.HttpServiceTest"/>
  <testcase name="test0" time="4.247" classname="org.gradle.HttpServiceTest"/>
  <testcase name="test0" time="4.899" classname="org.gradle.HttpServiceTest"/>
  <testcase name="test0" time="4.259" classname="org.gradle.HttpServiceTest"/>
  <testcase name="test0" time="4.415" classname="org.gradle.HttpServiceTest"/>
  <testcase name="test0" time="4.448" classname="org.gradle.HttpServiceTest"/>
  <testcase name="test0" time="4.709" classname="org.gradle.HttpServiceTest"/>
  <testcase name="test0" time="4.738" classname="org.gradle.HttpServiceTest"/>
  <testcase name="test0" time="4.889" classname="org.gradle.HttpServiceTest"/>
  <testcase name="test0" time="4.994" classname="org.gradle.HttpServiceTest"/>
  <testcase name="test0" time="4.351" classname="org.gradle.HttpServiceTest"/>
  <testcase name="test0" time="10.055" classname="org.gradle.HttpServiceTest"/>
  <testcase name="test0" time="4.498" classname="org.gradle.HttpServiceTest"/>
  <testcase name="test0" time="4.759" classname="org.gradle.HttpServiceTest"/>
</testsuite> <!-- HttpServiceTest -->
