<?xml version="1.0" encoding="UTF-8"?>
<!-- Generated by org.testng.reporters.JUnitXMLReporter -->
<testsuite hostname="USER-20140718QC" name="Default test" tests="2" failures="0" timestamp="14 Oct 2014 07:49:30 GMT" time="0.047" errors="0">
  <testcase name="@BeforeTest loginCicssystem" time="0.0" classname="org.gradle.CicsDemo">
    <skipped/>
  </testcase> <!-- @BeforeTest loginCicssystem -->
  <testcase name="@AfterTest tearDown" time="0.0" classname="org.gradle.CicsDemo">
    <skipped/>
  </testcase> <!-- @AfterTest tearDown -->
  <testcase name="addTrainrecord" time="0.0" classname="org.gradle.CicsDemo">
    <skipped/>
  </testcase> <!-- addTrainrecord -->
  <testcase name="addTrainrecord" time="0.0" classname="org.gradle.CicsDemo">
    <skipped/>
  </testcase> <!-- addTrainrecord -->
</testsuite> <!-- Default test -->
