<?xml version="1.0" encoding="UTF-8"?>
<!-- Generated by org.testng.reporters.JUnitXMLReporter -->
<testsuite hostname="KONGZHAOLEI" name="Default test" tests="13" failures="0" timestamp="2 Nov 2015 08:56:56 GMT" time="9.193" errors="0">
  <testcase name="test0" time="6.188" classname="org.gradle.HttpServiceTest"/>
  <testcase name="test0" time="0.183" classname="org.gradle.HttpServiceTest"/>
  <testcase name="test0" time="0.188" classname="org.gradle.HttpServiceTest"/>
  <testcase name="test0" time="0.127" classname="org.gradle.HttpServiceTest"/>
  <testcase name="test0" time="0.2" classname="org.gradle.HttpServiceTest"/>
  <testcase name="test0" time="0.152" classname="org.gradle.HttpServiceTest"/>
  <testcase name="test0" time="0.254" classname="org.gradle.HttpServiceTest"/>
  <testcase name="test0" time="0.177" classname="org.gradle.HttpServiceTest"/>
  <testcase name="test0" time="0.159" classname="org.gradle.HttpServiceTest"/>
  <testcase name="test0" time="0.122" classname="org.gradle.HttpServiceTest"/>
  <testcase name="test0" time="0.219" classname="org.gradle.HttpServiceTest"/>
  <testcase name="test0" time="0.166" classname="org.gradle.HttpServiceTest"/>
  <testcase name="test0" time="0.114" classname="org.gradle.HttpServiceTest"/>
</testsuite> <!-- Default test -->
