<?xml version="1.0" encoding="UTF-8"?>
<testng-results skipped="0" failed="0" total="13" passed="13">
  <reporter-output>
  </reporter-output>
  <suite name="Default suite" duration-ms="15061" started-at="2015-09-17T09:21:27Z" finished-at="2015-09-17T09:21:42Z">
    <groups>
    </groups>
    <test name="Default test" duration-ms="15061" started-at="2015-09-17T09:21:27Z" finished-at="2015-09-17T09:21:42Z">
      <class name="org.gradle.HttpServiceTest">
        <test-method status="PASS" signature="init()[pri:0, instance:org.gradle.HttpServiceTest@7823a2f9]" name="init" is-config="true" duration-ms="22" started-at="2015-09-17T17:21:27Z" finished-at="2015-09-17T17:21:27Z">
          <reporter-output>
          </reporter-output>
        </test-method> <!-- init -->
        <test-method status="PASS" signature="test0(java.lang.String, java.lang.String, java.lang.String, java.util.Map, java.util.Map)[pri:0, instance:org.gradle.HttpServiceTest@7823a2f9]" name="test0" duration-ms="4854" started-at="2015-09-17T17:21:28Z" data-provider="test0" finished-at="2015-09-17T17:21:33Z">
          <params>
            <param index="0">
              <value>
                <![CDATA[001]]>
              </value>
            </param>
            <param index="1">
              <value>
                <![CDATA[POST]]>
              </value>
            </param>
            <param index="2">
              <value>
                <![CDATA[http://10.64.23.5:8001/Monitor/xml.aspx]]>
              </value>
            </param>
            <param index="3">
              <value>
                <![CDATA[{Cookie=rozU75MYphu9PzUEOED2dz35rh98MN9uCwKBJ8hcnvyLz1hWHL0jyg%3d%3d=s1ZRvYtlJ8s%3d; bswlz16F%2bM6aDZRnQCDYzY75X46A%2bfmy9p9pi7eYnItM0i7raN2hyWRLP3N%2bZ7Fv=GZ5s2t4dPgs%3d; MvXKGvNgubnkyOGAuA0uzKLsxupZ8YjbnXWOxWyDju%2ffUHRg9ljbWQ%3d%3d=cRoS1gQMpCdkSz9zfmexbw%3d%3d; a0HE5lsBiAqUmuRcOWobHdOvJllpZ6stc1dEgbjAVAUngDhAMughWg%3d%3d=GZ5s2t4dPgs%3d; lUNytQ4fcOqaDZRnQCDYzY75X46A%2bfmy9p9pi7eYnItM0i7raN2hyWRLP3N%2bZ7Fv=s1ZRvYtlJ8s%3d; rozU75MYpht3LtI%2bQ%2b7sDpPuCT3eb%2fmbAFumXQfkbU1xNM10QIbFIg%3d%3d=s1ZRvYtlJ8s%3d; bswlz16F%2bM6aDZRnQCDYzTIq4%2bc%2fdISvn5tEXdqqpJRxDxdXsJ%2bxwmRLP3N%2bZ7Fv=GZ5s2t4dPgs%3d; MvXKGvNgubmz8Pt2EAHHuMlxjHcuAp3jhxEpdms0Tf2N5YcSpoQprg%3d%3d=cRoS1gQMpCdkSz9zfmexbw%3d%3d; a0HE5lsBiArOqyVwFytTmHBXODt73c0r7mMIjy2D3yzudCyZbVW6Tw%3d%3d=GZ5s2t4dPgs%3d; lUNytQ4fcOqaDZRnQCDYzTIq4%2bc%2fdISvn5tEXdqqpJRxDxdXsJ%2bxwmRLP3N%2bZ7Fv=s1ZRvYtlJ8s%3d; rozU75MYphtmpfRkkXlbVxsKLxfH9%2fQx4bW6QSQckZvQJZhQb6aIVA%3d%3d=s1ZRvYtlJ8s%3d; bswlz16F%2bM6aDZRnQCDYzQw%2fxmxAl1pNog4uXzQg1cfbOcPtQjcnXmRLP3N%2bZ7Fv=GZ5s2t4dPgs%3d; MvXKGvNgubntaL39zXUA4VE2ThQPncZHGBBssCqTH%2fHzKiZjofW5Mw%3d%3d=cRoS1gQMpCdkSz9zfmexbw%3d%3d; a0HE5lsBiArDsf6SBkN98VhFFOaC9Xh%2fo6yHMs9AozZSmQLj6IL3Ew%3d%3d=GZ5s2t4dPgs%3d; lUNytQ4fcOqaDZRnQCDYzQw%2fxmxAl1pNog4uXzQg1cfbOcPtQjcnXmRLP3N%2bZ7Fv=s1ZRvYtlJ8s%3d; rozU75MYphsry6e2gUYIneYDeK4ds%2fMlg106dmjf9tRXpQLHdb3WAg%3d%3d=s1ZRvYtlJ8s%3d; bswlz16F%2bM6aDZRnQCDYzXVSppuI3xcvPvGwpVq5OanI4bd%2bm3ix%2fWRLP3N%2bZ7Fv=GZ5s2t4dPgs%3d; MvXKGvNgubl9YtWxN358vf5yGc4nUMIcJlGb6zaodZG81jrLRloplQ%3d%3d=cRoS1gQMpCdkSz9zfmexbw%3d%3d; a0HE5lsBiAqUmuRcOWobHYvkjxald2XFXoCGH8NUsloWYiZ5VmNMaA%3d%3d=GZ5s2t4dPgs%3d; lUNytQ4fcOqaDZRnQCDYzXVSppuI3xcvPvGwpVq5OanI4bd%2bm3ix%2fWRLP3N%2bZ7Fv=s1ZRvYtlJ8s%3d; rozU75MYphsl8nsXeUpHIf4kWMeA4aE850aMOkzD3nSr4Q98PWXjEw%3d%3d=s1ZRvYtlJ8s%3d; bswlz16F%2bM6aDZRnQCDYzVCIHlkXtBPn%2fVk7d8Q7BZllNomBUHqR8WRLP3N%2bZ7Fv=GZ5s2t4dPgs%3d; MvXKGvNgubmRuQFL6xUFiGRSVe6KqKIBq0W38ma0R%2fFV42%2f6q0fXgA%3d%3d=cRoS1gQMpCdkSz9zfmexbw%3d%3d; a0HE5lsBiAoO%2b9%2bJasjXvPe%2bCCF1k7k1h2Fu%2f40jyufXozrpvWva3Q%3d%3d=GZ5s2t4dPgs%3d; lUNytQ4fcOqaDZRnQCDYzVCIHlkXtBPn%2fVk7d8Q7BZllNomBUHqR8WRLP3N%2bZ7Fv=s1ZRvYtlJ8s%3d; rozU75MYphur2PDzZuxJL2t%2fhk8u5E%2f4A9Gw3y344ZYZatPT1mkMFg%3d%3d=s1ZRvYtlJ8s%3d; bswlz16F%2bM6aDZRnQCDYzaYBFk%2flGm8z1vQGI%2flWYdYK79ArdEurpWRLP3N%2bZ7Fv=GZ5s2t4dPgs%3d; MvXKGvNgubkQ1DkLRFjheCIRvU2XiAz2%2fHJAY6u71B%2bik4K88VLgHg%3d%3d=cRoS1gQMpCdkSz9zfmexbw%3d%3d; a0HE5lsBiAo0QrC7NIZSGTiiMdPQvrBz7U7Zv5rlCiVa6Ep1709oqw%3d%3d=GZ5s2t4dPgs%3d; lUNytQ4fcOqaDZRnQCDYzaYBFk%2flGm8z1vQGI%2flWYdYK79ArdEurpWRLP3N%2bZ7Fv=s1ZRvYtlJ8s%3d; rozU75MYphtiWoZ6uyhHuTECoYl1xW%2bk1rIx0gqw%2b%2foreJS5JETPSA%3d%3d=s1ZRvYtlJ8s%3d; bswlz16F%2bM6aDZRnQCDYza39IXq5776IlkRM1itIt9r69TkCBlSHPGRLP3N%2bZ7Fv=GZ5s2t4dPgs%3d; MvXKGvNgublDtZTgqSaPodz6B1B6sNQpWFfn43WH%2b0PikO1uVILw3w%3d%3d=cRoS1gQMpCdkSz9zfmexbw%3d%3d; a0HE5lsBiAq%2bhpuRf6Ja6uMDbly8vB5B%2fmClgoqrfP9D8RpV4hPINg%3d%3d=GZ5s2t4dPgs%3d; lUNytQ4fcOqaDZRnQCDYza39IXq5776IlkRM1itIt9r69TkCBlSHPGRLP3N%2bZ7Fv=s1ZRvYtlJ8s%3d; Language=zh-cn, User-Agent=Mozilla/5.0 (Windows NT 6.1; WOW64) AppleWebKit/537.36 (KHTML, like Gecko) Chrome/43.0.2357.124 Safari/537.36, Content-Type=application/x-www-form-urlencoded;charset=UTF-8}]]>
              </value>
            </param>
            <param index="4">
              <value>
                <![CDATA[{Zip=false, devtype=WindTurbine, CountColumn=true, modelid=2F818169-2D1D-4E68-A9B6-125C24F59D7F, functionname=CountTenMinit, endtime=2015-08-06 23:59:59, BTZ=480, starttime=2015-08-01 00:00:00, wtid=652112121,652112122}]]>
              </value>
            </param>
          </params>
          <reporter-output>
          </reporter-output>
        </test-method> <!-- test0 -->
        <test-method status="PASS" signature="test0(java.lang.String, java.lang.String, java.lang.String, java.util.Map, java.util.Map)[pri:0, instance:org.gradle.HttpServiceTest@7823a2f9]" name="test0" duration-ms="354" started-at="2015-09-17T17:21:33Z" data-provider="test0" finished-at="2015-09-17T17:21:33Z">
          <params>
            <param index="0">
              <value>
                <![CDATA[002]]>
              </value>
            </param>
            <param index="1">
              <value>
                <![CDATA[POST]]>
              </value>
            </param>
            <param index="2">
              <value>
                <![CDATA[http://10.64.23.5:8001/Monitor/xml.aspx]]>
              </value>
            </param>
            <param index="3">
              <value>
                <![CDATA[{Cookie=rozU75MYphu9PzUEOED2dz35rh98MN9uCwKBJ8hcnvyLz1hWHL0jyg%3d%3d=s1ZRvYtlJ8s%3d; bswlz16F%2bM6aDZRnQCDYzY75X46A%2bfmy9p9pi7eYnItM0i7raN2hyWRLP3N%2bZ7Fv=GZ5s2t4dPgs%3d; MvXKGvNgubnkyOGAuA0uzKLsxupZ8YjbnXWOxWyDju%2ffUHRg9ljbWQ%3d%3d=cRoS1gQMpCdkSz9zfmexbw%3d%3d; a0HE5lsBiAqUmuRcOWobHdOvJllpZ6stc1dEgbjAVAUngDhAMughWg%3d%3d=GZ5s2t4dPgs%3d; lUNytQ4fcOqaDZRnQCDYzY75X46A%2bfmy9p9pi7eYnItM0i7raN2hyWRLP3N%2bZ7Fv=s1ZRvYtlJ8s%3d; rozU75MYpht3LtI%2bQ%2b7sDpPuCT3eb%2fmbAFumXQfkbU1xNM10QIbFIg%3d%3d=s1ZRvYtlJ8s%3d; bswlz16F%2bM6aDZRnQCDYzTIq4%2bc%2fdISvn5tEXdqqpJRxDxdXsJ%2bxwmRLP3N%2bZ7Fv=GZ5s2t4dPgs%3d; MvXKGvNgubmz8Pt2EAHHuMlxjHcuAp3jhxEpdms0Tf2N5YcSpoQprg%3d%3d=cRoS1gQMpCdkSz9zfmexbw%3d%3d; a0HE5lsBiArOqyVwFytTmHBXODt73c0r7mMIjy2D3yzudCyZbVW6Tw%3d%3d=GZ5s2t4dPgs%3d; lUNytQ4fcOqaDZRnQCDYzTIq4%2bc%2fdISvn5tEXdqqpJRxDxdXsJ%2bxwmRLP3N%2bZ7Fv=s1ZRvYtlJ8s%3d; rozU75MYphtmpfRkkXlbVxsKLxfH9%2fQx4bW6QSQckZvQJZhQb6aIVA%3d%3d=s1ZRvYtlJ8s%3d; bswlz16F%2bM6aDZRnQCDYzQw%2fxmxAl1pNog4uXzQg1cfbOcPtQjcnXmRLP3N%2bZ7Fv=GZ5s2t4dPgs%3d; MvXKGvNgubntaL39zXUA4VE2ThQPncZHGBBssCqTH%2fHzKiZjofW5Mw%3d%3d=cRoS1gQMpCdkSz9zfmexbw%3d%3d; a0HE5lsBiArDsf6SBkN98VhFFOaC9Xh%2fo6yHMs9AozZSmQLj6IL3Ew%3d%3d=GZ5s2t4dPgs%3d; lUNytQ4fcOqaDZRnQCDYzQw%2fxmxAl1pNog4uXzQg1cfbOcPtQjcnXmRLP3N%2bZ7Fv=s1ZRvYtlJ8s%3d; rozU75MYphsry6e2gUYIneYDeK4ds%2fMlg106dmjf9tRXpQLHdb3WAg%3d%3d=s1ZRvYtlJ8s%3d; bswlz16F%2bM6aDZRnQCDYzXVSppuI3xcvPvGwpVq5OanI4bd%2bm3ix%2fWRLP3N%2bZ7Fv=GZ5s2t4dPgs%3d; MvXKGvNgubl9YtWxN358vf5yGc4nUMIcJlGb6zaodZG81jrLRloplQ%3d%3d=cRoS1gQMpCdkSz9zfmexbw%3d%3d; a0HE5lsBiAqUmuRcOWobHYvkjxald2XFXoCGH8NUsloWYiZ5VmNMaA%3d%3d=GZ5s2t4dPgs%3d; lUNytQ4fcOqaDZRnQCDYzXVSppuI3xcvPvGwpVq5OanI4bd%2bm3ix%2fWRLP3N%2bZ7Fv=s1ZRvYtlJ8s%3d; rozU75MYphsl8nsXeUpHIf4kWMeA4aE850aMOkzD3nSr4Q98PWXjEw%3d%3d=s1ZRvYtlJ8s%3d; bswlz16F%2bM6aDZRnQCDYzVCIHlkXtBPn%2fVk7d8Q7BZllNomBUHqR8WRLP3N%2bZ7Fv=GZ5s2t4dPgs%3d; MvXKGvNgubmRuQFL6xUFiGRSVe6KqKIBq0W38ma0R%2fFV42%2f6q0fXgA%3d%3d=cRoS1gQMpCdkSz9zfmexbw%3d%3d; a0HE5lsBiAoO%2b9%2bJasjXvPe%2bCCF1k7k1h2Fu%2f40jyufXozrpvWva3Q%3d%3d=GZ5s2t4dPgs%3d; lUNytQ4fcOqaDZRnQCDYzVCIHlkXtBPn%2fVk7d8Q7BZllNomBUHqR8WRLP3N%2bZ7Fv=s1ZRvYtlJ8s%3d; rozU75MYphur2PDzZuxJL2t%2fhk8u5E%2f4A9Gw3y344ZYZatPT1mkMFg%3d%3d=s1ZRvYtlJ8s%3d; bswlz16F%2bM6aDZRnQCDYzaYBFk%2flGm8z1vQGI%2flWYdYK79ArdEurpWRLP3N%2bZ7Fv=GZ5s2t4dPgs%3d; MvXKGvNgubkQ1DkLRFjheCIRvU2XiAz2%2fHJAY6u71B%2bik4K88VLgHg%3d%3d=cRoS1gQMpCdkSz9zfmexbw%3d%3d; a0HE5lsBiAo0QrC7NIZSGTiiMdPQvrBz7U7Zv5rlCiVa6Ep1709oqw%3d%3d=GZ5s2t4dPgs%3d; lUNytQ4fcOqaDZRnQCDYzaYBFk%2flGm8z1vQGI%2flWYdYK79ArdEurpWRLP3N%2bZ7Fv=s1ZRvYtlJ8s%3d; rozU75MYphtiWoZ6uyhHuTECoYl1xW%2bk1rIx0gqw%2b%2foreJS5JETPSA%3d%3d=s1ZRvYtlJ8s%3d; bswlz16F%2bM6aDZRnQCDYza39IXq5776IlkRM1itIt9r69TkCBlSHPGRLP3N%2bZ7Fv=GZ5s2t4dPgs%3d; MvXKGvNgublDtZTgqSaPodz6B1B6sNQpWFfn43WH%2b0PikO1uVILw3w%3d%3d=cRoS1gQMpCdkSz9zfmexbw%3d%3d; a0HE5lsBiAq%2bhpuRf6Ja6uMDbly8vB5B%2fmClgoqrfP9D8RpV4hPINg%3d%3d=GZ5s2t4dPgs%3d; lUNytQ4fcOqaDZRnQCDYza39IXq5776IlkRM1itIt9r69TkCBlSHPGRLP3N%2bZ7Fv=s1ZRvYtlJ8s%3d; Language=zh-cn, User-Agent=Mozilla/5.0 (Windows NT 6.1; WOW64) AppleWebKit/537.36 (KHTML, like Gecko) Chrome/43.0.2357.124 Safari/537.36, Content-Type=application/x-www-form-urlencoded;charset=UTF-8}]]>
              </value>
            </param>
            <param index="4">
              <value>
                <![CDATA[{Zip=false, groupbydevice=0, functionname=CountStationInfo, endtime=2015-08-13 23:59:59, BTZ=480, starttime=2015-08-13 00:00:00, wtid=652112121,652112122}]]>
              </value>
            </param>
          </params>
          <reporter-output>
          </reporter-output>
        </test-method> <!-- test0 -->
        <test-method status="PASS" signature="test0(java.lang.String, java.lang.String, java.lang.String, java.util.Map, java.util.Map)[pri:0, instance:org.gradle.HttpServiceTest@7823a2f9]" name="test0" duration-ms="891" started-at="2015-09-17T17:21:33Z" data-provider="test0" finished-at="2015-09-17T17:21:34Z">
          <params>
            <param index="0">
              <value>
                <![CDATA[003]]>
              </value>
            </param>
            <param index="1">
              <value>
                <![CDATA[POST]]>
              </value>
            </param>
            <param index="2">
              <value>
                <![CDATA[http://10.64.23.5:8001/Monitor/xml.aspx]]>
              </value>
            </param>
            <param index="3">
              <value>
                <![CDATA[{Cookie=rozU75MYphu9PzUEOED2dz35rh98MN9uCwKBJ8hcnvyLz1hWHL0jyg%3d%3d=s1ZRvYtlJ8s%3d; bswlz16F%2bM6aDZRnQCDYzY75X46A%2bfmy9p9pi7eYnItM0i7raN2hyWRLP3N%2bZ7Fv=GZ5s2t4dPgs%3d; MvXKGvNgubnkyOGAuA0uzKLsxupZ8YjbnXWOxWyDju%2ffUHRg9ljbWQ%3d%3d=cRoS1gQMpCdkSz9zfmexbw%3d%3d; a0HE5lsBiAqUmuRcOWobHdOvJllpZ6stc1dEgbjAVAUngDhAMughWg%3d%3d=GZ5s2t4dPgs%3d; lUNytQ4fcOqaDZRnQCDYzY75X46A%2bfmy9p9pi7eYnItM0i7raN2hyWRLP3N%2bZ7Fv=s1ZRvYtlJ8s%3d; rozU75MYpht3LtI%2bQ%2b7sDpPuCT3eb%2fmbAFumXQfkbU1xNM10QIbFIg%3d%3d=s1ZRvYtlJ8s%3d; bswlz16F%2bM6aDZRnQCDYzTIq4%2bc%2fdISvn5tEXdqqpJRxDxdXsJ%2bxwmRLP3N%2bZ7Fv=GZ5s2t4dPgs%3d; MvXKGvNgubmz8Pt2EAHHuMlxjHcuAp3jhxEpdms0Tf2N5YcSpoQprg%3d%3d=cRoS1gQMpCdkSz9zfmexbw%3d%3d; a0HE5lsBiArOqyVwFytTmHBXODt73c0r7mMIjy2D3yzudCyZbVW6Tw%3d%3d=GZ5s2t4dPgs%3d; lUNytQ4fcOqaDZRnQCDYzTIq4%2bc%2fdISvn5tEXdqqpJRxDxdXsJ%2bxwmRLP3N%2bZ7Fv=s1ZRvYtlJ8s%3d; rozU75MYphtmpfRkkXlbVxsKLxfH9%2fQx4bW6QSQckZvQJZhQb6aIVA%3d%3d=s1ZRvYtlJ8s%3d; bswlz16F%2bM6aDZRnQCDYzQw%2fxmxAl1pNog4uXzQg1cfbOcPtQjcnXmRLP3N%2bZ7Fv=GZ5s2t4dPgs%3d; MvXKGvNgubntaL39zXUA4VE2ThQPncZHGBBssCqTH%2fHzKiZjofW5Mw%3d%3d=cRoS1gQMpCdkSz9zfmexbw%3d%3d; a0HE5lsBiArDsf6SBkN98VhFFOaC9Xh%2fo6yHMs9AozZSmQLj6IL3Ew%3d%3d=GZ5s2t4dPgs%3d; lUNytQ4fcOqaDZRnQCDYzQw%2fxmxAl1pNog4uXzQg1cfbOcPtQjcnXmRLP3N%2bZ7Fv=s1ZRvYtlJ8s%3d; rozU75MYphsry6e2gUYIneYDeK4ds%2fMlg106dmjf9tRXpQLHdb3WAg%3d%3d=s1ZRvYtlJ8s%3d; bswlz16F%2bM6aDZRnQCDYzXVSppuI3xcvPvGwpVq5OanI4bd%2bm3ix%2fWRLP3N%2bZ7Fv=GZ5s2t4dPgs%3d; MvXKGvNgubl9YtWxN358vf5yGc4nUMIcJlGb6zaodZG81jrLRloplQ%3d%3d=cRoS1gQMpCdkSz9zfmexbw%3d%3d; a0HE5lsBiAqUmuRcOWobHYvkjxald2XFXoCGH8NUsloWYiZ5VmNMaA%3d%3d=GZ5s2t4dPgs%3d; lUNytQ4fcOqaDZRnQCDYzXVSppuI3xcvPvGwpVq5OanI4bd%2bm3ix%2fWRLP3N%2bZ7Fv=s1ZRvYtlJ8s%3d; rozU75MYphsl8nsXeUpHIf4kWMeA4aE850aMOkzD3nSr4Q98PWXjEw%3d%3d=s1ZRvYtlJ8s%3d; bswlz16F%2bM6aDZRnQCDYzVCIHlkXtBPn%2fVk7d8Q7BZllNomBUHqR8WRLP3N%2bZ7Fv=GZ5s2t4dPgs%3d; MvXKGvNgubmRuQFL6xUFiGRSVe6KqKIBq0W38ma0R%2fFV42%2f6q0fXgA%3d%3d=cRoS1gQMpCdkSz9zfmexbw%3d%3d; a0HE5lsBiAoO%2b9%2bJasjXvPe%2bCCF1k7k1h2Fu%2f40jyufXozrpvWva3Q%3d%3d=GZ5s2t4dPgs%3d; lUNytQ4fcOqaDZRnQCDYzVCIHlkXtBPn%2fVk7d8Q7BZllNomBUHqR8WRLP3N%2bZ7Fv=s1ZRvYtlJ8s%3d; rozU75MYphur2PDzZuxJL2t%2fhk8u5E%2f4A9Gw3y344ZYZatPT1mkMFg%3d%3d=s1ZRvYtlJ8s%3d; bswlz16F%2bM6aDZRnQCDYzaYBFk%2flGm8z1vQGI%2flWYdYK79ArdEurpWRLP3N%2bZ7Fv=GZ5s2t4dPgs%3d; MvXKGvNgubkQ1DkLRFjheCIRvU2XiAz2%2fHJAY6u71B%2bik4K88VLgHg%3d%3d=cRoS1gQMpCdkSz9zfmexbw%3d%3d; a0HE5lsBiAo0QrC7NIZSGTiiMdPQvrBz7U7Zv5rlCiVa6Ep1709oqw%3d%3d=GZ5s2t4dPgs%3d; lUNytQ4fcOqaDZRnQCDYzaYBFk%2flGm8z1vQGI%2flWYdYK79ArdEurpWRLP3N%2bZ7Fv=s1ZRvYtlJ8s%3d; rozU75MYphtiWoZ6uyhHuTECoYl1xW%2bk1rIx0gqw%2b%2foreJS5JETPSA%3d%3d=s1ZRvYtlJ8s%3d; bswlz16F%2bM6aDZRnQCDYza39IXq5776IlkRM1itIt9r69TkCBlSHPGRLP3N%2bZ7Fv=GZ5s2t4dPgs%3d; MvXKGvNgublDtZTgqSaPodz6B1B6sNQpWFfn43WH%2b0PikO1uVILw3w%3d%3d=cRoS1gQMpCdkSz9zfmexbw%3d%3d; a0HE5lsBiAq%2bhpuRf6Ja6uMDbly8vB5B%2fmClgoqrfP9D8RpV4hPINg%3d%3d=GZ5s2t4dPgs%3d; lUNytQ4fcOqaDZRnQCDYza39IXq5776IlkRM1itIt9r69TkCBlSHPGRLP3N%2bZ7Fv=s1ZRvYtlJ8s%3d; Language=zh-cn, User-Agent=Mozilla/5.0 (Windows NT 6.1; WOW64) AppleWebKit/537.36 (KHTML, like Gecko) Chrome/43.0.2357.124 Safari/537.36, Content-Type=application/x-www-form-urlencoded;charset=UTF-8}]]>
              </value>
            </param>
            <param index="4">
              <value>
                <![CDATA[{Zip=false, groupbydevice=1, functionname=CountFailureInfo, farea=false, endtime=2015-08-13 23:59:59, BTZ=480, starttime=2015-08-01 00:00:00, wtid=652112121,652112122}]]>
              </value>
            </param>
          </params>
          <reporter-output>
          </reporter-output>
        </test-method> <!-- test0 -->
        <test-method status="PASS" signature="test0(java.lang.String, java.lang.String, java.lang.String, java.util.Map, java.util.Map)[pri:0, instance:org.gradle.HttpServiceTest@7823a2f9]" name="test0" duration-ms="692" started-at="2015-09-17T17:21:34Z" data-provider="test0" finished-at="2015-09-17T17:21:35Z">
          <params>
            <param index="0">
              <value>
                <![CDATA[004]]>
              </value>
            </param>
            <param index="1">
              <value>
                <![CDATA[POST]]>
              </value>
            </param>
            <param index="2">
              <value>
                <![CDATA[http://10.64.23.5:8001/Monitor/xml.aspx]]>
              </value>
            </param>
            <param index="3">
              <value>
                <![CDATA[{Cookie=rozU75MYphu9PzUEOED2dz35rh98MN9uCwKBJ8hcnvyLz1hWHL0jyg%3d%3d=s1ZRvYtlJ8s%3d; bswlz16F%2bM6aDZRnQCDYzY75X46A%2bfmy9p9pi7eYnItM0i7raN2hyWRLP3N%2bZ7Fv=GZ5s2t4dPgs%3d; MvXKGvNgubnkyOGAuA0uzKLsxupZ8YjbnXWOxWyDju%2ffUHRg9ljbWQ%3d%3d=cRoS1gQMpCdkSz9zfmexbw%3d%3d; a0HE5lsBiAqUmuRcOWobHdOvJllpZ6stc1dEgbjAVAUngDhAMughWg%3d%3d=GZ5s2t4dPgs%3d; lUNytQ4fcOqaDZRnQCDYzY75X46A%2bfmy9p9pi7eYnItM0i7raN2hyWRLP3N%2bZ7Fv=s1ZRvYtlJ8s%3d; rozU75MYpht3LtI%2bQ%2b7sDpPuCT3eb%2fmbAFumXQfkbU1xNM10QIbFIg%3d%3d=s1ZRvYtlJ8s%3d; bswlz16F%2bM6aDZRnQCDYzTIq4%2bc%2fdISvn5tEXdqqpJRxDxdXsJ%2bxwmRLP3N%2bZ7Fv=GZ5s2t4dPgs%3d; MvXKGvNgubmz8Pt2EAHHuMlxjHcuAp3jhxEpdms0Tf2N5YcSpoQprg%3d%3d=cRoS1gQMpCdkSz9zfmexbw%3d%3d; a0HE5lsBiArOqyVwFytTmHBXODt73c0r7mMIjy2D3yzudCyZbVW6Tw%3d%3d=GZ5s2t4dPgs%3d; lUNytQ4fcOqaDZRnQCDYzTIq4%2bc%2fdISvn5tEXdqqpJRxDxdXsJ%2bxwmRLP3N%2bZ7Fv=s1ZRvYtlJ8s%3d; rozU75MYphtmpfRkkXlbVxsKLxfH9%2fQx4bW6QSQckZvQJZhQb6aIVA%3d%3d=s1ZRvYtlJ8s%3d; bswlz16F%2bM6aDZRnQCDYzQw%2fxmxAl1pNog4uXzQg1cfbOcPtQjcnXmRLP3N%2bZ7Fv=GZ5s2t4dPgs%3d; MvXKGvNgubntaL39zXUA4VE2ThQPncZHGBBssCqTH%2fHzKiZjofW5Mw%3d%3d=cRoS1gQMpCdkSz9zfmexbw%3d%3d; a0HE5lsBiArDsf6SBkN98VhFFOaC9Xh%2fo6yHMs9AozZSmQLj6IL3Ew%3d%3d=GZ5s2t4dPgs%3d; lUNytQ4fcOqaDZRnQCDYzQw%2fxmxAl1pNog4uXzQg1cfbOcPtQjcnXmRLP3N%2bZ7Fv=s1ZRvYtlJ8s%3d; rozU75MYphsry6e2gUYIneYDeK4ds%2fMlg106dmjf9tRXpQLHdb3WAg%3d%3d=s1ZRvYtlJ8s%3d; bswlz16F%2bM6aDZRnQCDYzXVSppuI3xcvPvGwpVq5OanI4bd%2bm3ix%2fWRLP3N%2bZ7Fv=GZ5s2t4dPgs%3d; MvXKGvNgubl9YtWxN358vf5yGc4nUMIcJlGb6zaodZG81jrLRloplQ%3d%3d=cRoS1gQMpCdkSz9zfmexbw%3d%3d; a0HE5lsBiAqUmuRcOWobHYvkjxald2XFXoCGH8NUsloWYiZ5VmNMaA%3d%3d=GZ5s2t4dPgs%3d; lUNytQ4fcOqaDZRnQCDYzXVSppuI3xcvPvGwpVq5OanI4bd%2bm3ix%2fWRLP3N%2bZ7Fv=s1ZRvYtlJ8s%3d; rozU75MYphsl8nsXeUpHIf4kWMeA4aE850aMOkzD3nSr4Q98PWXjEw%3d%3d=s1ZRvYtlJ8s%3d; bswlz16F%2bM6aDZRnQCDYzVCIHlkXtBPn%2fVk7d8Q7BZllNomBUHqR8WRLP3N%2bZ7Fv=GZ5s2t4dPgs%3d; MvXKGvNgubmRuQFL6xUFiGRSVe6KqKIBq0W38ma0R%2fFV42%2f6q0fXgA%3d%3d=cRoS1gQMpCdkSz9zfmexbw%3d%3d; a0HE5lsBiAoO%2b9%2bJasjXvPe%2bCCF1k7k1h2Fu%2f40jyufXozrpvWva3Q%3d%3d=GZ5s2t4dPgs%3d; lUNytQ4fcOqaDZRnQCDYzVCIHlkXtBPn%2fVk7d8Q7BZllNomBUHqR8WRLP3N%2bZ7Fv=s1ZRvYtlJ8s%3d; rozU75MYphur2PDzZuxJL2t%2fhk8u5E%2f4A9Gw3y344ZYZatPT1mkMFg%3d%3d=s1ZRvYtlJ8s%3d; bswlz16F%2bM6aDZRnQCDYzaYBFk%2flGm8z1vQGI%2flWYdYK79ArdEurpWRLP3N%2bZ7Fv=GZ5s2t4dPgs%3d; MvXKGvNgubkQ1DkLRFjheCIRvU2XiAz2%2fHJAY6u71B%2bik4K88VLgHg%3d%3d=cRoS1gQMpCdkSz9zfmexbw%3d%3d; a0HE5lsBiAo0QrC7NIZSGTiiMdPQvrBz7U7Zv5rlCiVa6Ep1709oqw%3d%3d=GZ5s2t4dPgs%3d; lUNytQ4fcOqaDZRnQCDYzaYBFk%2flGm8z1vQGI%2flWYdYK79ArdEurpWRLP3N%2bZ7Fv=s1ZRvYtlJ8s%3d; rozU75MYphtiWoZ6uyhHuTECoYl1xW%2bk1rIx0gqw%2b%2foreJS5JETPSA%3d%3d=s1ZRvYtlJ8s%3d; bswlz16F%2bM6aDZRnQCDYza39IXq5776IlkRM1itIt9r69TkCBlSHPGRLP3N%2bZ7Fv=GZ5s2t4dPgs%3d; MvXKGvNgublDtZTgqSaPodz6B1B6sNQpWFfn43WH%2b0PikO1uVILw3w%3d%3d=cRoS1gQMpCdkSz9zfmexbw%3d%3d; a0HE5lsBiAq%2bhpuRf6Ja6uMDbly8vB5B%2fmClgoqrfP9D8RpV4hPINg%3d%3d=GZ5s2t4dPgs%3d; lUNytQ4fcOqaDZRnQCDYza39IXq5776IlkRM1itIt9r69TkCBlSHPGRLP3N%2bZ7Fv=s1ZRvYtlJ8s%3d; Language=zh-cn, User-Agent=Mozilla/5.0 (Windows NT 6.1; WOW64) AppleWebKit/537.36 (KHTML, like Gecko) Chrome/43.0.2357.124 Safari/537.36, Content-Type=application/x-www-form-urlencoded;charset=UTF-8}]]>
              </value>
            </param>
            <param index="4">
              <value>
                <![CDATA[{Zip=false, groupbydevice=0, functionname=CountFailureInfoType, endtime=2015-08-14 23:59:59, BTZ=480, starttime=2015-08-01 00:00:00, wtid=652112122,652112121}]]>
              </value>
            </param>
          </params>
          <reporter-output>
          </reporter-output>
        </test-method> <!-- test0 -->
        <test-method status="PASS" signature="test0(java.lang.String, java.lang.String, java.lang.String, java.util.Map, java.util.Map)[pri:0, instance:org.gradle.HttpServiceTest@7823a2f9]" name="test0" duration-ms="4731" started-at="2015-09-17T17:21:35Z" data-provider="test0" finished-at="2015-09-17T17:21:39Z">
          <params>
            <param index="0">
              <value>
                <![CDATA[005]]>
              </value>
            </param>
            <param index="1">
              <value>
                <![CDATA[POST]]>
              </value>
            </param>
            <param index="2">
              <value>
                <![CDATA[http://10.64.23.5:8001/Monitor/xml.aspx]]>
              </value>
            </param>
            <param index="3">
              <value>
                <![CDATA[{Cookie=rozU75MYphu9PzUEOED2dz35rh98MN9uCwKBJ8hcnvyLz1hWHL0jyg%3d%3d=s1ZRvYtlJ8s%3d; bswlz16F%2bM6aDZRnQCDYzY75X46A%2bfmy9p9pi7eYnItM0i7raN2hyWRLP3N%2bZ7Fv=GZ5s2t4dPgs%3d; MvXKGvNgubnkyOGAuA0uzKLsxupZ8YjbnXWOxWyDju%2ffUHRg9ljbWQ%3d%3d=cRoS1gQMpCdkSz9zfmexbw%3d%3d; a0HE5lsBiAqUmuRcOWobHdOvJllpZ6stc1dEgbjAVAUngDhAMughWg%3d%3d=GZ5s2t4dPgs%3d; lUNytQ4fcOqaDZRnQCDYzY75X46A%2bfmy9p9pi7eYnItM0i7raN2hyWRLP3N%2bZ7Fv=s1ZRvYtlJ8s%3d; rozU75MYpht3LtI%2bQ%2b7sDpPuCT3eb%2fmbAFumXQfkbU1xNM10QIbFIg%3d%3d=s1ZRvYtlJ8s%3d; bswlz16F%2bM6aDZRnQCDYzTIq4%2bc%2fdISvn5tEXdqqpJRxDxdXsJ%2bxwmRLP3N%2bZ7Fv=GZ5s2t4dPgs%3d; MvXKGvNgubmz8Pt2EAHHuMlxjHcuAp3jhxEpdms0Tf2N5YcSpoQprg%3d%3d=cRoS1gQMpCdkSz9zfmexbw%3d%3d; a0HE5lsBiArOqyVwFytTmHBXODt73c0r7mMIjy2D3yzudCyZbVW6Tw%3d%3d=GZ5s2t4dPgs%3d; lUNytQ4fcOqaDZRnQCDYzTIq4%2bc%2fdISvn5tEXdqqpJRxDxdXsJ%2bxwmRLP3N%2bZ7Fv=s1ZRvYtlJ8s%3d; rozU75MYphtmpfRkkXlbVxsKLxfH9%2fQx4bW6QSQckZvQJZhQb6aIVA%3d%3d=s1ZRvYtlJ8s%3d; bswlz16F%2bM6aDZRnQCDYzQw%2fxmxAl1pNog4uXzQg1cfbOcPtQjcnXmRLP3N%2bZ7Fv=GZ5s2t4dPgs%3d; MvXKGvNgubntaL39zXUA4VE2ThQPncZHGBBssCqTH%2fHzKiZjofW5Mw%3d%3d=cRoS1gQMpCdkSz9zfmexbw%3d%3d; a0HE5lsBiArDsf6SBkN98VhFFOaC9Xh%2fo6yHMs9AozZSmQLj6IL3Ew%3d%3d=GZ5s2t4dPgs%3d; lUNytQ4fcOqaDZRnQCDYzQw%2fxmxAl1pNog4uXzQg1cfbOcPtQjcnXmRLP3N%2bZ7Fv=s1ZRvYtlJ8s%3d; rozU75MYphsry6e2gUYIneYDeK4ds%2fMlg106dmjf9tRXpQLHdb3WAg%3d%3d=s1ZRvYtlJ8s%3d; bswlz16F%2bM6aDZRnQCDYzXVSppuI3xcvPvGwpVq5OanI4bd%2bm3ix%2fWRLP3N%2bZ7Fv=GZ5s2t4dPgs%3d; MvXKGvNgubl9YtWxN358vf5yGc4nUMIcJlGb6zaodZG81jrLRloplQ%3d%3d=cRoS1gQMpCdkSz9zfmexbw%3d%3d; a0HE5lsBiAqUmuRcOWobHYvkjxald2XFXoCGH8NUsloWYiZ5VmNMaA%3d%3d=GZ5s2t4dPgs%3d; lUNytQ4fcOqaDZRnQCDYzXVSppuI3xcvPvGwpVq5OanI4bd%2bm3ix%2fWRLP3N%2bZ7Fv=s1ZRvYtlJ8s%3d; rozU75MYphsl8nsXeUpHIf4kWMeA4aE850aMOkzD3nSr4Q98PWXjEw%3d%3d=s1ZRvYtlJ8s%3d; bswlz16F%2bM6aDZRnQCDYzVCIHlkXtBPn%2fVk7d8Q7BZllNomBUHqR8WRLP3N%2bZ7Fv=GZ5s2t4dPgs%3d; MvXKGvNgubmRuQFL6xUFiGRSVe6KqKIBq0W38ma0R%2fFV42%2f6q0fXgA%3d%3d=cRoS1gQMpCdkSz9zfmexbw%3d%3d; a0HE5lsBiAoO%2b9%2bJasjXvPe%2bCCF1k7k1h2Fu%2f40jyufXozrpvWva3Q%3d%3d=GZ5s2t4dPgs%3d; lUNytQ4fcOqaDZRnQCDYzVCIHlkXtBPn%2fVk7d8Q7BZllNomBUHqR8WRLP3N%2bZ7Fv=s1ZRvYtlJ8s%3d; rozU75MYphur2PDzZuxJL2t%2fhk8u5E%2f4A9Gw3y344ZYZatPT1mkMFg%3d%3d=s1ZRvYtlJ8s%3d; bswlz16F%2bM6aDZRnQCDYzaYBFk%2flGm8z1vQGI%2flWYdYK79ArdEurpWRLP3N%2bZ7Fv=GZ5s2t4dPgs%3d; MvXKGvNgubkQ1DkLRFjheCIRvU2XiAz2%2fHJAY6u71B%2bik4K88VLgHg%3d%3d=cRoS1gQMpCdkSz9zfmexbw%3d%3d; a0HE5lsBiAo0QrC7NIZSGTiiMdPQvrBz7U7Zv5rlCiVa6Ep1709oqw%3d%3d=GZ5s2t4dPgs%3d; lUNytQ4fcOqaDZRnQCDYzaYBFk%2flGm8z1vQGI%2flWYdYK79ArdEurpWRLP3N%2bZ7Fv=s1ZRvYtlJ8s%3d; rozU75MYphtiWoZ6uyhHuTECoYl1xW%2bk1rIx0gqw%2b%2foreJS5JETPSA%3d%3d=s1ZRvYtlJ8s%3d; bswlz16F%2bM6aDZRnQCDYza39IXq5776IlkRM1itIt9r69TkCBlSHPGRLP3N%2bZ7Fv=GZ5s2t4dPgs%3d; MvXKGvNgublDtZTgqSaPodz6B1B6sNQpWFfn43WH%2b0PikO1uVILw3w%3d%3d=cRoS1gQMpCdkSz9zfmexbw%3d%3d; a0HE5lsBiAq%2bhpuRf6Ja6uMDbly8vB5B%2fmClgoqrfP9D8RpV4hPINg%3d%3d=GZ5s2t4dPgs%3d; lUNytQ4fcOqaDZRnQCDYza39IXq5776IlkRM1itIt9r69TkCBlSHPGRLP3N%2bZ7Fv=s1ZRvYtlJ8s%3d; Language=zh-cn, User-Agent=Mozilla/5.0 (Windows NT 6.1; WOW64) AppleWebKit/537.36 (KHTML, like Gecko) Chrome/43.0.2357.124 Safari/537.36, Content-Type=application/x-www-form-urlencoded;charset=UTF-8}]]>
              </value>
            </param>
            <param index="4">
              <value>
                <![CDATA[{Zip=false, devtype=WindTurbine, CountColumn=true, modelid=1DD28544-7805-4D86-8E39-09404726214A, functionname=CountDay, endtime=2015-08-14, BTZ=480, starttime=2015-08-01, wtid=652112121,652112122}]]>
              </value>
            </param>
          </params>
          <reporter-output>
          </reporter-output>
        </test-method> <!-- test0 -->
        <test-method status="PASS" signature="test0(java.lang.String, java.lang.String, java.lang.String, java.util.Map, java.util.Map)[pri:0, instance:org.gradle.HttpServiceTest@7823a2f9]" name="test0" duration-ms="568" started-at="2015-09-17T17:21:39Z" data-provider="test0" finished-at="2015-09-17T17:21:40Z">
          <params>
            <param index="0">
              <value>
                <![CDATA[006]]>
              </value>
            </param>
            <param index="1">
              <value>
                <![CDATA[POST]]>
              </value>
            </param>
            <param index="2">
              <value>
                <![CDATA[http://10.64.23.5:8001/Monitor/xml.aspx]]>
              </value>
            </param>
            <param index="3">
              <value>
                <![CDATA[{Cookie=rozU75MYphu9PzUEOED2dz35rh98MN9uCwKBJ8hcnvyLz1hWHL0jyg%3d%3d=s1ZRvYtlJ8s%3d; bswlz16F%2bM6aDZRnQCDYzY75X46A%2bfmy9p9pi7eYnItM0i7raN2hyWRLP3N%2bZ7Fv=GZ5s2t4dPgs%3d; MvXKGvNgubnkyOGAuA0uzKLsxupZ8YjbnXWOxWyDju%2ffUHRg9ljbWQ%3d%3d=cRoS1gQMpCdkSz9zfmexbw%3d%3d; a0HE5lsBiAqUmuRcOWobHdOvJllpZ6stc1dEgbjAVAUngDhAMughWg%3d%3d=GZ5s2t4dPgs%3d; lUNytQ4fcOqaDZRnQCDYzY75X46A%2bfmy9p9pi7eYnItM0i7raN2hyWRLP3N%2bZ7Fv=s1ZRvYtlJ8s%3d; rozU75MYpht3LtI%2bQ%2b7sDpPuCT3eb%2fmbAFumXQfkbU1xNM10QIbFIg%3d%3d=s1ZRvYtlJ8s%3d; bswlz16F%2bM6aDZRnQCDYzTIq4%2bc%2fdISvn5tEXdqqpJRxDxdXsJ%2bxwmRLP3N%2bZ7Fv=GZ5s2t4dPgs%3d; MvXKGvNgubmz8Pt2EAHHuMlxjHcuAp3jhxEpdms0Tf2N5YcSpoQprg%3d%3d=cRoS1gQMpCdkSz9zfmexbw%3d%3d; a0HE5lsBiArOqyVwFytTmHBXODt73c0r7mMIjy2D3yzudCyZbVW6Tw%3d%3d=GZ5s2t4dPgs%3d; lUNytQ4fcOqaDZRnQCDYzTIq4%2bc%2fdISvn5tEXdqqpJRxDxdXsJ%2bxwmRLP3N%2bZ7Fv=s1ZRvYtlJ8s%3d; rozU75MYphtmpfRkkXlbVxsKLxfH9%2fQx4bW6QSQckZvQJZhQb6aIVA%3d%3d=s1ZRvYtlJ8s%3d; bswlz16F%2bM6aDZRnQCDYzQw%2fxmxAl1pNog4uXzQg1cfbOcPtQjcnXmRLP3N%2bZ7Fv=GZ5s2t4dPgs%3d; MvXKGvNgubntaL39zXUA4VE2ThQPncZHGBBssCqTH%2fHzKiZjofW5Mw%3d%3d=cRoS1gQMpCdkSz9zfmexbw%3d%3d; a0HE5lsBiArDsf6SBkN98VhFFOaC9Xh%2fo6yHMs9AozZSmQLj6IL3Ew%3d%3d=GZ5s2t4dPgs%3d; lUNytQ4fcOqaDZRnQCDYzQw%2fxmxAl1pNog4uXzQg1cfbOcPtQjcnXmRLP3N%2bZ7Fv=s1ZRvYtlJ8s%3d; rozU75MYphsry6e2gUYIneYDeK4ds%2fMlg106dmjf9tRXpQLHdb3WAg%3d%3d=s1ZRvYtlJ8s%3d; bswlz16F%2bM6aDZRnQCDYzXVSppuI3xcvPvGwpVq5OanI4bd%2bm3ix%2fWRLP3N%2bZ7Fv=GZ5s2t4dPgs%3d; MvXKGvNgubl9YtWxN358vf5yGc4nUMIcJlGb6zaodZG81jrLRloplQ%3d%3d=cRoS1gQMpCdkSz9zfmexbw%3d%3d; a0HE5lsBiAqUmuRcOWobHYvkjxald2XFXoCGH8NUsloWYiZ5VmNMaA%3d%3d=GZ5s2t4dPgs%3d; lUNytQ4fcOqaDZRnQCDYzXVSppuI3xcvPvGwpVq5OanI4bd%2bm3ix%2fWRLP3N%2bZ7Fv=s1ZRvYtlJ8s%3d; rozU75MYphsl8nsXeUpHIf4kWMeA4aE850aMOkzD3nSr4Q98PWXjEw%3d%3d=s1ZRvYtlJ8s%3d; bswlz16F%2bM6aDZRnQCDYzVCIHlkXtBPn%2fVk7d8Q7BZllNomBUHqR8WRLP3N%2bZ7Fv=GZ5s2t4dPgs%3d; MvXKGvNgubmRuQFL6xUFiGRSVe6KqKIBq0W38ma0R%2fFV42%2f6q0fXgA%3d%3d=cRoS1gQMpCdkSz9zfmexbw%3d%3d; a0HE5lsBiAoO%2b9%2bJasjXvPe%2bCCF1k7k1h2Fu%2f40jyufXozrpvWva3Q%3d%3d=GZ5s2t4dPgs%3d; lUNytQ4fcOqaDZRnQCDYzVCIHlkXtBPn%2fVk7d8Q7BZllNomBUHqR8WRLP3N%2bZ7Fv=s1ZRvYtlJ8s%3d; rozU75MYphur2PDzZuxJL2t%2fhk8u5E%2f4A9Gw3y344ZYZatPT1mkMFg%3d%3d=s1ZRvYtlJ8s%3d; bswlz16F%2bM6aDZRnQCDYzaYBFk%2flGm8z1vQGI%2flWYdYK79ArdEurpWRLP3N%2bZ7Fv=GZ5s2t4dPgs%3d; MvXKGvNgubkQ1DkLRFjheCIRvU2XiAz2%2fHJAY6u71B%2bik4K88VLgHg%3d%3d=cRoS1gQMpCdkSz9zfmexbw%3d%3d; a0HE5lsBiAo0QrC7NIZSGTiiMdPQvrBz7U7Zv5rlCiVa6Ep1709oqw%3d%3d=GZ5s2t4dPgs%3d; lUNytQ4fcOqaDZRnQCDYzaYBFk%2flGm8z1vQGI%2flWYdYK79ArdEurpWRLP3N%2bZ7Fv=s1ZRvYtlJ8s%3d; rozU75MYphtiWoZ6uyhHuTECoYl1xW%2bk1rIx0gqw%2b%2foreJS5JETPSA%3d%3d=s1ZRvYtlJ8s%3d; bswlz16F%2bM6aDZRnQCDYza39IXq5776IlkRM1itIt9r69TkCBlSHPGRLP3N%2bZ7Fv=GZ5s2t4dPgs%3d; MvXKGvNgublDtZTgqSaPodz6B1B6sNQpWFfn43WH%2b0PikO1uVILw3w%3d%3d=cRoS1gQMpCdkSz9zfmexbw%3d%3d; a0HE5lsBiAq%2bhpuRf6Ja6uMDbly8vB5B%2fmClgoqrfP9D8RpV4hPINg%3d%3d=GZ5s2t4dPgs%3d; lUNytQ4fcOqaDZRnQCDYza39IXq5776IlkRM1itIt9r69TkCBlSHPGRLP3N%2bZ7Fv=s1ZRvYtlJ8s%3d; Language=zh-cn, User-Agent=Mozilla/5.0 (Windows NT 6.1; WOW64) AppleWebKit/537.36 (KHTML, like Gecko) Chrome/43.0.2357.124 Safari/537.36, Content-Type=application/x-www-form-urlencoded;charset=UTF-8}]]>
              </value>
            </param>
            <param index="4">
              <value>
                <![CDATA[{Zip=false, devtype=WindTurbine, outputype=1, CountColumn=true, modelid=C5A39F9C-792D-41F8-8ADC-0DC8DA97B2B0, functionname=CountCanNeng, endtime=2015-08-14 09:04:22, BTZ=480, starttime=2015-08-01 00:00:00, wtid=652112124,652112125}]]>
              </value>
            </param>
          </params>
          <reporter-output>
          </reporter-output>
        </test-method> <!-- test0 -->
        <test-method status="PASS" signature="test0(java.lang.String, java.lang.String, java.lang.String, java.util.Map, java.util.Map)[pri:0, instance:org.gradle.HttpServiceTest@7823a2f9]" name="test0" duration-ms="582" started-at="2015-09-17T17:21:40Z" data-provider="test0" finished-at="2015-09-17T17:21:41Z">
          <params>
            <param index="0">
              <value>
                <![CDATA[007]]>
              </value>
            </param>
            <param index="1">
              <value>
                <![CDATA[POST]]>
              </value>
            </param>
            <param index="2">
              <value>
                <![CDATA[http://10.64.23.5:8001/Monitor/xml.aspx]]>
              </value>
            </param>
            <param index="3">
              <value>
                <![CDATA[{Cookie=rozU75MYphu9PzUEOED2dz35rh98MN9uCwKBJ8hcnvyLz1hWHL0jyg%3d%3d=s1ZRvYtlJ8s%3d; bswlz16F%2bM6aDZRnQCDYzY75X46A%2bfmy9p9pi7eYnItM0i7raN2hyWRLP3N%2bZ7Fv=GZ5s2t4dPgs%3d; MvXKGvNgubnkyOGAuA0uzKLsxupZ8YjbnXWOxWyDju%2ffUHRg9ljbWQ%3d%3d=cRoS1gQMpCdkSz9zfmexbw%3d%3d; a0HE5lsBiAqUmuRcOWobHdOvJllpZ6stc1dEgbjAVAUngDhAMughWg%3d%3d=GZ5s2t4dPgs%3d; lUNytQ4fcOqaDZRnQCDYzY75X46A%2bfmy9p9pi7eYnItM0i7raN2hyWRLP3N%2bZ7Fv=s1ZRvYtlJ8s%3d; rozU75MYpht3LtI%2bQ%2b7sDpPuCT3eb%2fmbAFumXQfkbU1xNM10QIbFIg%3d%3d=s1ZRvYtlJ8s%3d; bswlz16F%2bM6aDZRnQCDYzTIq4%2bc%2fdISvn5tEXdqqpJRxDxdXsJ%2bxwmRLP3N%2bZ7Fv=GZ5s2t4dPgs%3d; MvXKGvNgubmz8Pt2EAHHuMlxjHcuAp3jhxEpdms0Tf2N5YcSpoQprg%3d%3d=cRoS1gQMpCdkSz9zfmexbw%3d%3d; a0HE5lsBiArOqyVwFytTmHBXODt73c0r7mMIjy2D3yzudCyZbVW6Tw%3d%3d=GZ5s2t4dPgs%3d; lUNytQ4fcOqaDZRnQCDYzTIq4%2bc%2fdISvn5tEXdqqpJRxDxdXsJ%2bxwmRLP3N%2bZ7Fv=s1ZRvYtlJ8s%3d; rozU75MYphtmpfRkkXlbVxsKLxfH9%2fQx4bW6QSQckZvQJZhQb6aIVA%3d%3d=s1ZRvYtlJ8s%3d; bswlz16F%2bM6aDZRnQCDYzQw%2fxmxAl1pNog4uXzQg1cfbOcPtQjcnXmRLP3N%2bZ7Fv=GZ5s2t4dPgs%3d; MvXKGvNgubntaL39zXUA4VE2ThQPncZHGBBssCqTH%2fHzKiZjofW5Mw%3d%3d=cRoS1gQMpCdkSz9zfmexbw%3d%3d; a0HE5lsBiArDsf6SBkN98VhFFOaC9Xh%2fo6yHMs9AozZSmQLj6IL3Ew%3d%3d=GZ5s2t4dPgs%3d; lUNytQ4fcOqaDZRnQCDYzQw%2fxmxAl1pNog4uXzQg1cfbOcPtQjcnXmRLP3N%2bZ7Fv=s1ZRvYtlJ8s%3d; rozU75MYphsry6e2gUYIneYDeK4ds%2fMlg106dmjf9tRXpQLHdb3WAg%3d%3d=s1ZRvYtlJ8s%3d; bswlz16F%2bM6aDZRnQCDYzXVSppuI3xcvPvGwpVq5OanI4bd%2bm3ix%2fWRLP3N%2bZ7Fv=GZ5s2t4dPgs%3d; MvXKGvNgubl9YtWxN358vf5yGc4nUMIcJlGb6zaodZG81jrLRloplQ%3d%3d=cRoS1gQMpCdkSz9zfmexbw%3d%3d; a0HE5lsBiAqUmuRcOWobHYvkjxald2XFXoCGH8NUsloWYiZ5VmNMaA%3d%3d=GZ5s2t4dPgs%3d; lUNytQ4fcOqaDZRnQCDYzXVSppuI3xcvPvGwpVq5OanI4bd%2bm3ix%2fWRLP3N%2bZ7Fv=s1ZRvYtlJ8s%3d; rozU75MYphsl8nsXeUpHIf4kWMeA4aE850aMOkzD3nSr4Q98PWXjEw%3d%3d=s1ZRvYtlJ8s%3d; bswlz16F%2bM6aDZRnQCDYzVCIHlkXtBPn%2fVk7d8Q7BZllNomBUHqR8WRLP3N%2bZ7Fv=GZ5s2t4dPgs%3d; MvXKGvNgubmRuQFL6xUFiGRSVe6KqKIBq0W38ma0R%2fFV42%2f6q0fXgA%3d%3d=cRoS1gQMpCdkSz9zfmexbw%3d%3d; a0HE5lsBiAoO%2b9%2bJasjXvPe%2bCCF1k7k1h2Fu%2f40jyufXozrpvWva3Q%3d%3d=GZ5s2t4dPgs%3d; lUNytQ4fcOqaDZRnQCDYzVCIHlkXtBPn%2fVk7d8Q7BZllNomBUHqR8WRLP3N%2bZ7Fv=s1ZRvYtlJ8s%3d; rozU75MYphur2PDzZuxJL2t%2fhk8u5E%2f4A9Gw3y344ZYZatPT1mkMFg%3d%3d=s1ZRvYtlJ8s%3d; bswlz16F%2bM6aDZRnQCDYzaYBFk%2flGm8z1vQGI%2flWYdYK79ArdEurpWRLP3N%2bZ7Fv=GZ5s2t4dPgs%3d; MvXKGvNgubkQ1DkLRFjheCIRvU2XiAz2%2fHJAY6u71B%2bik4K88VLgHg%3d%3d=cRoS1gQMpCdkSz9zfmexbw%3d%3d; a0HE5lsBiAo0QrC7NIZSGTiiMdPQvrBz7U7Zv5rlCiVa6Ep1709oqw%3d%3d=GZ5s2t4dPgs%3d; lUNytQ4fcOqaDZRnQCDYzaYBFk%2flGm8z1vQGI%2flWYdYK79ArdEurpWRLP3N%2bZ7Fv=s1ZRvYtlJ8s%3d; rozU75MYphtiWoZ6uyhHuTECoYl1xW%2bk1rIx0gqw%2b%2foreJS5JETPSA%3d%3d=s1ZRvYtlJ8s%3d; bswlz16F%2bM6aDZRnQCDYza39IXq5776IlkRM1itIt9r69TkCBlSHPGRLP3N%2bZ7Fv=GZ5s2t4dPgs%3d; MvXKGvNgublDtZTgqSaPodz6B1B6sNQpWFfn43WH%2b0PikO1uVILw3w%3d%3d=cRoS1gQMpCdkSz9zfmexbw%3d%3d; a0HE5lsBiAq%2bhpuRf6Ja6uMDbly8vB5B%2fmClgoqrfP9D8RpV4hPINg%3d%3d=GZ5s2t4dPgs%3d; lUNytQ4fcOqaDZRnQCDYza39IXq5776IlkRM1itIt9r69TkCBlSHPGRLP3N%2bZ7Fv=s1ZRvYtlJ8s%3d; Language=zh-cn, User-Agent=Mozilla/5.0 (Windows NT 6.1; WOW64) AppleWebKit/537.36 (KHTML, like Gecko) Chrome/43.0.2357.124 Safari/537.36, Content-Type=application/x-www-form-urlencoded;charset=UTF-8}]]>
              </value>
            </param>
            <param index="4">
              <value>
                <![CDATA[{Zip=false, devtype=WindTurbine, outputype=11, CountColumn=true, modelid=F3F1481A-7508-428e-9CD8-C3C198D17B2E, functionname=CountCanNeng, endtime=2015-08-14, BTZ=480, starttime=2015-08-01, wtid=652112121,652112122}]]>
              </value>
            </param>
          </params>
          <reporter-output>
          </reporter-output>
        </test-method> <!-- test0 -->
        <test-method status="PASS" signature="test0(java.lang.String, java.lang.String, java.lang.String, java.util.Map, java.util.Map)[pri:0, instance:org.gradle.HttpServiceTest@7823a2f9]" name="test0" duration-ms="247" started-at="2015-09-17T17:21:41Z" data-provider="test0" finished-at="2015-09-17T17:21:41Z">
          <params>
            <param index="0">
              <value>
                <![CDATA[008]]>
              </value>
            </param>
            <param index="1">
              <value>
                <![CDATA[POST]]>
              </value>
            </param>
            <param index="2">
              <value>
                <![CDATA[http://10.64.23.5:8001/Monitor/xml.aspx]]>
              </value>
            </param>
            <param index="3">
              <value>
                <![CDATA[{Cookie=rozU75MYphu9PzUEOED2dz35rh98MN9uCwKBJ8hcnvyLz1hWHL0jyg%3d%3d=s1ZRvYtlJ8s%3d; bswlz16F%2bM6aDZRnQCDYzY75X46A%2bfmy9p9pi7eYnItM0i7raN2hyWRLP3N%2bZ7Fv=GZ5s2t4dPgs%3d; MvXKGvNgubnkyOGAuA0uzKLsxupZ8YjbnXWOxWyDju%2ffUHRg9ljbWQ%3d%3d=cRoS1gQMpCdkSz9zfmexbw%3d%3d; a0HE5lsBiAqUmuRcOWobHdOvJllpZ6stc1dEgbjAVAUngDhAMughWg%3d%3d=GZ5s2t4dPgs%3d; lUNytQ4fcOqaDZRnQCDYzY75X46A%2bfmy9p9pi7eYnItM0i7raN2hyWRLP3N%2bZ7Fv=s1ZRvYtlJ8s%3d; rozU75MYpht3LtI%2bQ%2b7sDpPuCT3eb%2fmbAFumXQfkbU1xNM10QIbFIg%3d%3d=s1ZRvYtlJ8s%3d; bswlz16F%2bM6aDZRnQCDYzTIq4%2bc%2fdISvn5tEXdqqpJRxDxdXsJ%2bxwmRLP3N%2bZ7Fv=GZ5s2t4dPgs%3d; MvXKGvNgubmz8Pt2EAHHuMlxjHcuAp3jhxEpdms0Tf2N5YcSpoQprg%3d%3d=cRoS1gQMpCdkSz9zfmexbw%3d%3d; a0HE5lsBiArOqyVwFytTmHBXODt73c0r7mMIjy2D3yzudCyZbVW6Tw%3d%3d=GZ5s2t4dPgs%3d; lUNytQ4fcOqaDZRnQCDYzTIq4%2bc%2fdISvn5tEXdqqpJRxDxdXsJ%2bxwmRLP3N%2bZ7Fv=s1ZRvYtlJ8s%3d; rozU75MYphtmpfRkkXlbVxsKLxfH9%2fQx4bW6QSQckZvQJZhQb6aIVA%3d%3d=s1ZRvYtlJ8s%3d; bswlz16F%2bM6aDZRnQCDYzQw%2fxmxAl1pNog4uXzQg1cfbOcPtQjcnXmRLP3N%2bZ7Fv=GZ5s2t4dPgs%3d; MvXKGvNgubntaL39zXUA4VE2ThQPncZHGBBssCqTH%2fHzKiZjofW5Mw%3d%3d=cRoS1gQMpCdkSz9zfmexbw%3d%3d; a0HE5lsBiArDsf6SBkN98VhFFOaC9Xh%2fo6yHMs9AozZSmQLj6IL3Ew%3d%3d=GZ5s2t4dPgs%3d; lUNytQ4fcOqaDZRnQCDYzQw%2fxmxAl1pNog4uXzQg1cfbOcPtQjcnXmRLP3N%2bZ7Fv=s1ZRvYtlJ8s%3d; rozU75MYphsry6e2gUYIneYDeK4ds%2fMlg106dmjf9tRXpQLHdb3WAg%3d%3d=s1ZRvYtlJ8s%3d; bswlz16F%2bM6aDZRnQCDYzXVSppuI3xcvPvGwpVq5OanI4bd%2bm3ix%2fWRLP3N%2bZ7Fv=GZ5s2t4dPgs%3d; MvXKGvNgubl9YtWxN358vf5yGc4nUMIcJlGb6zaodZG81jrLRloplQ%3d%3d=cRoS1gQMpCdkSz9zfmexbw%3d%3d; a0HE5lsBiAqUmuRcOWobHYvkjxald2XFXoCGH8NUsloWYiZ5VmNMaA%3d%3d=GZ5s2t4dPgs%3d; lUNytQ4fcOqaDZRnQCDYzXVSppuI3xcvPvGwpVq5OanI4bd%2bm3ix%2fWRLP3N%2bZ7Fv=s1ZRvYtlJ8s%3d; rozU75MYphsl8nsXeUpHIf4kWMeA4aE850aMOkzD3nSr4Q98PWXjEw%3d%3d=s1ZRvYtlJ8s%3d; bswlz16F%2bM6aDZRnQCDYzVCIHlkXtBPn%2fVk7d8Q7BZllNomBUHqR8WRLP3N%2bZ7Fv=GZ5s2t4dPgs%3d; MvXKGvNgubmRuQFL6xUFiGRSVe6KqKIBq0W38ma0R%2fFV42%2f6q0fXgA%3d%3d=cRoS1gQMpCdkSz9zfmexbw%3d%3d; a0HE5lsBiAoO%2b9%2bJasjXvPe%2bCCF1k7k1h2Fu%2f40jyufXozrpvWva3Q%3d%3d=GZ5s2t4dPgs%3d; lUNytQ4fcOqaDZRnQCDYzVCIHlkXtBPn%2fVk7d8Q7BZllNomBUHqR8WRLP3N%2bZ7Fv=s1ZRvYtlJ8s%3d; rozU75MYphur2PDzZuxJL2t%2fhk8u5E%2f4A9Gw3y344ZYZatPT1mkMFg%3d%3d=s1ZRvYtlJ8s%3d; bswlz16F%2bM6aDZRnQCDYzaYBFk%2flGm8z1vQGI%2flWYdYK79ArdEurpWRLP3N%2bZ7Fv=GZ5s2t4dPgs%3d; MvXKGvNgubkQ1DkLRFjheCIRvU2XiAz2%2fHJAY6u71B%2bik4K88VLgHg%3d%3d=cRoS1gQMpCdkSz9zfmexbw%3d%3d; a0HE5lsBiAo0QrC7NIZSGTiiMdPQvrBz7U7Zv5rlCiVa6Ep1709oqw%3d%3d=GZ5s2t4dPgs%3d; lUNytQ4fcOqaDZRnQCDYzaYBFk%2flGm8z1vQGI%2flWYdYK79ArdEurpWRLP3N%2bZ7Fv=s1ZRvYtlJ8s%3d; rozU75MYphtiWoZ6uyhHuTECoYl1xW%2bk1rIx0gqw%2b%2foreJS5JETPSA%3d%3d=s1ZRvYtlJ8s%3d; bswlz16F%2bM6aDZRnQCDYza39IXq5776IlkRM1itIt9r69TkCBlSHPGRLP3N%2bZ7Fv=GZ5s2t4dPgs%3d; MvXKGvNgublDtZTgqSaPodz6B1B6sNQpWFfn43WH%2b0PikO1uVILw3w%3d%3d=cRoS1gQMpCdkSz9zfmexbw%3d%3d; a0HE5lsBiAq%2bhpuRf6Ja6uMDbly8vB5B%2fmClgoqrfP9D8RpV4hPINg%3d%3d=GZ5s2t4dPgs%3d; lUNytQ4fcOqaDZRnQCDYza39IXq5776IlkRM1itIt9r69TkCBlSHPGRLP3N%2bZ7Fv=s1ZRvYtlJ8s%3d; Language=zh-cn, User-Agent=Mozilla/5.0 (Windows NT 6.1; WOW64) AppleWebKit/537.36 (KHTML, like Gecko) Chrome/43.0.2357.124 Safari/537.36, Content-Type=application/x-www-form-urlencoded;charset=UTF-8}]]>
              </value>
            </param>
            <param index="4">
              <value>
                <![CDATA[{Zip=false, CountColumn=true, functionname=CountWfSum, BTZ=480, iecs=WTUR.TotEgyAt.Wt.F32, wtid=652112121,652112122}]]>
              </value>
            </param>
          </params>
          <reporter-output>
          </reporter-output>
        </test-method> <!-- test0 -->
        <test-method status="PASS" signature="test0(java.lang.String, java.lang.String, java.lang.String, java.util.Map, java.util.Map)[pri:0, instance:org.gradle.HttpServiceTest@7823a2f9]" name="test0" duration-ms="388" started-at="2015-09-17T17:21:41Z" data-provider="test0" finished-at="2015-09-17T17:21:41Z">
          <params>
            <param index="0">
              <value>
                <![CDATA[009]]>
              </value>
            </param>
            <param index="1">
              <value>
                <![CDATA[POST]]>
              </value>
            </param>
            <param index="2">
              <value>
                <![CDATA[http://10.64.23.5:8001/Monitor/xml.aspx]]>
              </value>
            </param>
            <param index="3">
              <value>
                <![CDATA[{Cookie=rozU75MYphu9PzUEOED2dz35rh98MN9uCwKBJ8hcnvyLz1hWHL0jyg%3d%3d=s1ZRvYtlJ8s%3d; bswlz16F%2bM6aDZRnQCDYzY75X46A%2bfmy9p9pi7eYnItM0i7raN2hyWRLP3N%2bZ7Fv=GZ5s2t4dPgs%3d; MvXKGvNgubnkyOGAuA0uzKLsxupZ8YjbnXWOxWyDju%2ffUHRg9ljbWQ%3d%3d=cRoS1gQMpCdkSz9zfmexbw%3d%3d; a0HE5lsBiAqUmuRcOWobHdOvJllpZ6stc1dEgbjAVAUngDhAMughWg%3d%3d=GZ5s2t4dPgs%3d; lUNytQ4fcOqaDZRnQCDYzY75X46A%2bfmy9p9pi7eYnItM0i7raN2hyWRLP3N%2bZ7Fv=s1ZRvYtlJ8s%3d; rozU75MYpht3LtI%2bQ%2b7sDpPuCT3eb%2fmbAFumXQfkbU1xNM10QIbFIg%3d%3d=s1ZRvYtlJ8s%3d; bswlz16F%2bM6aDZRnQCDYzTIq4%2bc%2fdISvn5tEXdqqpJRxDxdXsJ%2bxwmRLP3N%2bZ7Fv=GZ5s2t4dPgs%3d; MvXKGvNgubmz8Pt2EAHHuMlxjHcuAp3jhxEpdms0Tf2N5YcSpoQprg%3d%3d=cRoS1gQMpCdkSz9zfmexbw%3d%3d; a0HE5lsBiArOqyVwFytTmHBXODt73c0r7mMIjy2D3yzudCyZbVW6Tw%3d%3d=GZ5s2t4dPgs%3d; lUNytQ4fcOqaDZRnQCDYzTIq4%2bc%2fdISvn5tEXdqqpJRxDxdXsJ%2bxwmRLP3N%2bZ7Fv=s1ZRvYtlJ8s%3d; rozU75MYphtmpfRkkXlbVxsKLxfH9%2fQx4bW6QSQckZvQJZhQb6aIVA%3d%3d=s1ZRvYtlJ8s%3d; bswlz16F%2bM6aDZRnQCDYzQw%2fxmxAl1pNog4uXzQg1cfbOcPtQjcnXmRLP3N%2bZ7Fv=GZ5s2t4dPgs%3d; MvXKGvNgubntaL39zXUA4VE2ThQPncZHGBBssCqTH%2fHzKiZjofW5Mw%3d%3d=cRoS1gQMpCdkSz9zfmexbw%3d%3d; a0HE5lsBiArDsf6SBkN98VhFFOaC9Xh%2fo6yHMs9AozZSmQLj6IL3Ew%3d%3d=GZ5s2t4dPgs%3d; lUNytQ4fcOqaDZRnQCDYzQw%2fxmxAl1pNog4uXzQg1cfbOcPtQjcnXmRLP3N%2bZ7Fv=s1ZRvYtlJ8s%3d; rozU75MYphsry6e2gUYIneYDeK4ds%2fMlg106dmjf9tRXpQLHdb3WAg%3d%3d=s1ZRvYtlJ8s%3d; bswlz16F%2bM6aDZRnQCDYzXVSppuI3xcvPvGwpVq5OanI4bd%2bm3ix%2fWRLP3N%2bZ7Fv=GZ5s2t4dPgs%3d; MvXKGvNgubl9YtWxN358vf5yGc4nUMIcJlGb6zaodZG81jrLRloplQ%3d%3d=cRoS1gQMpCdkSz9zfmexbw%3d%3d; a0HE5lsBiAqUmuRcOWobHYvkjxald2XFXoCGH8NUsloWYiZ5VmNMaA%3d%3d=GZ5s2t4dPgs%3d; lUNytQ4fcOqaDZRnQCDYzXVSppuI3xcvPvGwpVq5OanI4bd%2bm3ix%2fWRLP3N%2bZ7Fv=s1ZRvYtlJ8s%3d; rozU75MYphsl8nsXeUpHIf4kWMeA4aE850aMOkzD3nSr4Q98PWXjEw%3d%3d=s1ZRvYtlJ8s%3d; bswlz16F%2bM6aDZRnQCDYzVCIHlkXtBPn%2fVk7d8Q7BZllNomBUHqR8WRLP3N%2bZ7Fv=GZ5s2t4dPgs%3d; MvXKGvNgubmRuQFL6xUFiGRSVe6KqKIBq0W38ma0R%2fFV42%2f6q0fXgA%3d%3d=cRoS1gQMpCdkSz9zfmexbw%3d%3d; a0HE5lsBiAoO%2b9%2bJasjXvPe%2bCCF1k7k1h2Fu%2f40jyufXozrpvWva3Q%3d%3d=GZ5s2t4dPgs%3d; lUNytQ4fcOqaDZRnQCDYzVCIHlkXtBPn%2fVk7d8Q7BZllNomBUHqR8WRLP3N%2bZ7Fv=s1ZRvYtlJ8s%3d; rozU75MYphur2PDzZuxJL2t%2fhk8u5E%2f4A9Gw3y344ZYZatPT1mkMFg%3d%3d=s1ZRvYtlJ8s%3d; bswlz16F%2bM6aDZRnQCDYzaYBFk%2flGm8z1vQGI%2flWYdYK79ArdEurpWRLP3N%2bZ7Fv=GZ5s2t4dPgs%3d; MvXKGvNgubkQ1DkLRFjheCIRvU2XiAz2%2fHJAY6u71B%2bik4K88VLgHg%3d%3d=cRoS1gQMpCdkSz9zfmexbw%3d%3d; a0HE5lsBiAo0QrC7NIZSGTiiMdPQvrBz7U7Zv5rlCiVa6Ep1709oqw%3d%3d=GZ5s2t4dPgs%3d; lUNytQ4fcOqaDZRnQCDYzaYBFk%2flGm8z1vQGI%2flWYdYK79ArdEurpWRLP3N%2bZ7Fv=s1ZRvYtlJ8s%3d; rozU75MYphtiWoZ6uyhHuTECoYl1xW%2bk1rIx0gqw%2b%2foreJS5JETPSA%3d%3d=s1ZRvYtlJ8s%3d; bswlz16F%2bM6aDZRnQCDYza39IXq5776IlkRM1itIt9r69TkCBlSHPGRLP3N%2bZ7Fv=GZ5s2t4dPgs%3d; MvXKGvNgublDtZTgqSaPodz6B1B6sNQpWFfn43WH%2b0PikO1uVILw3w%3d%3d=cRoS1gQMpCdkSz9zfmexbw%3d%3d; a0HE5lsBiAq%2bhpuRf6Ja6uMDbly8vB5B%2fmClgoqrfP9D8RpV4hPINg%3d%3d=GZ5s2t4dPgs%3d; lUNytQ4fcOqaDZRnQCDYza39IXq5776IlkRM1itIt9r69TkCBlSHPGRLP3N%2bZ7Fv=s1ZRvYtlJ8s%3d; Language=zh-cn, User-Agent=Mozilla/5.0 (Windows NT 6.1; WOW64) AppleWebKit/537.36 (KHTML, like Gecko) Chrome/43.0.2357.124 Safari/537.36, Content-Type=application/x-www-form-urlencoded;charset=UTF-8}]]>
              </value>
            </param>
            <param index="4">
              <value>
                <![CDATA[{Zip=false, CountColumn=true, functionname=GetLostPower, proid=null, endtime=2015-08-14 23:59:59, BTZ=480, starttime=2015-08-01 00:00:00, wtid=652112121,652112122}]]>
              </value>
            </param>
          </params>
          <reporter-output>
          </reporter-output>
        </test-method> <!-- test0 -->
        <test-method status="PASS" signature="test0(java.lang.String, java.lang.String, java.lang.String, java.util.Map, java.util.Map)[pri:0, instance:org.gradle.HttpServiceTest@7823a2f9]" name="test0" duration-ms="326" started-at="2015-09-17T17:21:41Z" data-provider="test0" finished-at="2015-09-17T17:21:42Z">
          <params>
            <param index="0">
              <value>
                <![CDATA[010]]>
              </value>
            </param>
            <param index="1">
              <value>
                <![CDATA[POST]]>
              </value>
            </param>
            <param index="2">
              <value>
                <![CDATA[http://10.64.23.5:8001/Monitor/xml.aspx]]>
              </value>
            </param>
            <param index="3">
              <value>
                <![CDATA[{Cookie=rozU75MYphu9PzUEOED2dz35rh98MN9uCwKBJ8hcnvyLz1hWHL0jyg%3d%3d=s1ZRvYtlJ8s%3d; bswlz16F%2bM6aDZRnQCDYzY75X46A%2bfmy9p9pi7eYnItM0i7raN2hyWRLP3N%2bZ7Fv=GZ5s2t4dPgs%3d; MvXKGvNgubnkyOGAuA0uzKLsxupZ8YjbnXWOxWyDju%2ffUHRg9ljbWQ%3d%3d=cRoS1gQMpCdkSz9zfmexbw%3d%3d; a0HE5lsBiAqUmuRcOWobHdOvJllpZ6stc1dEgbjAVAUngDhAMughWg%3d%3d=GZ5s2t4dPgs%3d; lUNytQ4fcOqaDZRnQCDYzY75X46A%2bfmy9p9pi7eYnItM0i7raN2hyWRLP3N%2bZ7Fv=s1ZRvYtlJ8s%3d; rozU75MYpht3LtI%2bQ%2b7sDpPuCT3eb%2fmbAFumXQfkbU1xNM10QIbFIg%3d%3d=s1ZRvYtlJ8s%3d; bswlz16F%2bM6aDZRnQCDYzTIq4%2bc%2fdISvn5tEXdqqpJRxDxdXsJ%2bxwmRLP3N%2bZ7Fv=GZ5s2t4dPgs%3d; MvXKGvNgubmz8Pt2EAHHuMlxjHcuAp3jhxEpdms0Tf2N5YcSpoQprg%3d%3d=cRoS1gQMpCdkSz9zfmexbw%3d%3d; a0HE5lsBiArOqyVwFytTmHBXODt73c0r7mMIjy2D3yzudCyZbVW6Tw%3d%3d=GZ5s2t4dPgs%3d; lUNytQ4fcOqaDZRnQCDYzTIq4%2bc%2fdISvn5tEXdqqpJRxDxdXsJ%2bxwmRLP3N%2bZ7Fv=s1ZRvYtlJ8s%3d; rozU75MYphtmpfRkkXlbVxsKLxfH9%2fQx4bW6QSQckZvQJZhQb6aIVA%3d%3d=s1ZRvYtlJ8s%3d; bswlz16F%2bM6aDZRnQCDYzQw%2fxmxAl1pNog4uXzQg1cfbOcPtQjcnXmRLP3N%2bZ7Fv=GZ5s2t4dPgs%3d; MvXKGvNgubntaL39zXUA4VE2ThQPncZHGBBssCqTH%2fHzKiZjofW5Mw%3d%3d=cRoS1gQMpCdkSz9zfmexbw%3d%3d; a0HE5lsBiArDsf6SBkN98VhFFOaC9Xh%2fo6yHMs9AozZSmQLj6IL3Ew%3d%3d=GZ5s2t4dPgs%3d; lUNytQ4fcOqaDZRnQCDYzQw%2fxmxAl1pNog4uXzQg1cfbOcPtQjcnXmRLP3N%2bZ7Fv=s1ZRvYtlJ8s%3d; rozU75MYphsry6e2gUYIneYDeK4ds%2fMlg106dmjf9tRXpQLHdb3WAg%3d%3d=s1ZRvYtlJ8s%3d; bswlz16F%2bM6aDZRnQCDYzXVSppuI3xcvPvGwpVq5OanI4bd%2bm3ix%2fWRLP3N%2bZ7Fv=GZ5s2t4dPgs%3d; MvXKGvNgubl9YtWxN358vf5yGc4nUMIcJlGb6zaodZG81jrLRloplQ%3d%3d=cRoS1gQMpCdkSz9zfmexbw%3d%3d; a0HE5lsBiAqUmuRcOWobHYvkjxald2XFXoCGH8NUsloWYiZ5VmNMaA%3d%3d=GZ5s2t4dPgs%3d; lUNytQ4fcOqaDZRnQCDYzXVSppuI3xcvPvGwpVq5OanI4bd%2bm3ix%2fWRLP3N%2bZ7Fv=s1ZRvYtlJ8s%3d; rozU75MYphsl8nsXeUpHIf4kWMeA4aE850aMOkzD3nSr4Q98PWXjEw%3d%3d=s1ZRvYtlJ8s%3d; bswlz16F%2bM6aDZRnQCDYzVCIHlkXtBPn%2fVk7d8Q7BZllNomBUHqR8WRLP3N%2bZ7Fv=GZ5s2t4dPgs%3d; MvXKGvNgubmRuQFL6xUFiGRSVe6KqKIBq0W38ma0R%2fFV42%2f6q0fXgA%3d%3d=cRoS1gQMpCdkSz9zfmexbw%3d%3d; a0HE5lsBiAoO%2b9%2bJasjXvPe%2bCCF1k7k1h2Fu%2f40jyufXozrpvWva3Q%3d%3d=GZ5s2t4dPgs%3d; lUNytQ4fcOqaDZRnQCDYzVCIHlkXtBPn%2fVk7d8Q7BZllNomBUHqR8WRLP3N%2bZ7Fv=s1ZRvYtlJ8s%3d; rozU75MYphur2PDzZuxJL2t%2fhk8u5E%2f4A9Gw3y344ZYZatPT1mkMFg%3d%3d=s1ZRvYtlJ8s%3d; bswlz16F%2bM6aDZRnQCDYzaYBFk%2flGm8z1vQGI%2flWYdYK79ArdEurpWRLP3N%2bZ7Fv=GZ5s2t4dPgs%3d; MvXKGvNgubkQ1DkLRFjheCIRvU2XiAz2%2fHJAY6u71B%2bik4K88VLgHg%3d%3d=cRoS1gQMpCdkSz9zfmexbw%3d%3d; a0HE5lsBiAo0QrC7NIZSGTiiMdPQvrBz7U7Zv5rlCiVa6Ep1709oqw%3d%3d=GZ5s2t4dPgs%3d; lUNytQ4fcOqaDZRnQCDYzaYBFk%2flGm8z1vQGI%2flWYdYK79ArdEurpWRLP3N%2bZ7Fv=s1ZRvYtlJ8s%3d; rozU75MYphtiWoZ6uyhHuTECoYl1xW%2bk1rIx0gqw%2b%2foreJS5JETPSA%3d%3d=s1ZRvYtlJ8s%3d; bswlz16F%2bM6aDZRnQCDYza39IXq5776IlkRM1itIt9r69TkCBlSHPGRLP3N%2bZ7Fv=GZ5s2t4dPgs%3d; MvXKGvNgublDtZTgqSaPodz6B1B6sNQpWFfn43WH%2b0PikO1uVILw3w%3d%3d=cRoS1gQMpCdkSz9zfmexbw%3d%3d; a0HE5lsBiAq%2bhpuRf6Ja6uMDbly8vB5B%2fmClgoqrfP9D8RpV4hPINg%3d%3d=GZ5s2t4dPgs%3d; lUNytQ4fcOqaDZRnQCDYza39IXq5776IlkRM1itIt9r69TkCBlSHPGRLP3N%2bZ7Fv=s1ZRvYtlJ8s%3d; Language=zh-cn, User-Agent=Mozilla/5.0 (Windows NT 6.1; WOW64) AppleWebKit/537.36 (KHTML, like Gecko) Chrome/43.0.2357.124 Safari/537.36, Content-Type=application/x-www-form-urlencoded;charset=UTF-8}]]>
              </value>
            </param>
            <param index="4">
              <value>
                <![CDATA[{wsid=652112902, Zip=false, functionname=GetPowerChange, proid=null, endtime=2015-08-14 23:59:59, BTZ=480, starttime=2015-08-01 00:00:00}]]>
              </value>
            </param>
          </params>
          <reporter-output>
          </reporter-output>
        </test-method> <!-- test0 -->
        <test-method status="PASS" signature="test0(java.lang.String, java.lang.String, java.lang.String, java.util.Map, java.util.Map)[pri:0, instance:org.gradle.HttpServiceTest@7823a2f9]" name="test0" duration-ms="468" started-at="2015-09-17T17:21:42Z" data-provider="test0" finished-at="2015-09-17T17:21:42Z">
          <params>
            <param index="0">
              <value>
                <![CDATA[011]]>
              </value>
            </param>
            <param index="1">
              <value>
                <![CDATA[POST]]>
              </value>
            </param>
            <param index="2">
              <value>
                <![CDATA[http://10.64.23.5:8001/Monitor/xml.aspx]]>
              </value>
            </param>
            <param index="3">
              <value>
                <![CDATA[{Cookie=rozU75MYphu9PzUEOED2dz35rh98MN9uCwKBJ8hcnvyLz1hWHL0jyg%3d%3d=s1ZRvYtlJ8s%3d; bswlz16F%2bM6aDZRnQCDYzY75X46A%2bfmy9p9pi7eYnItM0i7raN2hyWRLP3N%2bZ7Fv=GZ5s2t4dPgs%3d; MvXKGvNgubnkyOGAuA0uzKLsxupZ8YjbnXWOxWyDju%2ffUHRg9ljbWQ%3d%3d=cRoS1gQMpCdkSz9zfmexbw%3d%3d; a0HE5lsBiAqUmuRcOWobHdOvJllpZ6stc1dEgbjAVAUngDhAMughWg%3d%3d=GZ5s2t4dPgs%3d; lUNytQ4fcOqaDZRnQCDYzY75X46A%2bfmy9p9pi7eYnItM0i7raN2hyWRLP3N%2bZ7Fv=s1ZRvYtlJ8s%3d; rozU75MYpht3LtI%2bQ%2b7sDpPuCT3eb%2fmbAFumXQfkbU1xNM10QIbFIg%3d%3d=s1ZRvYtlJ8s%3d; bswlz16F%2bM6aDZRnQCDYzTIq4%2bc%2fdISvn5tEXdqqpJRxDxdXsJ%2bxwmRLP3N%2bZ7Fv=GZ5s2t4dPgs%3d; MvXKGvNgubmz8Pt2EAHHuMlxjHcuAp3jhxEpdms0Tf2N5YcSpoQprg%3d%3d=cRoS1gQMpCdkSz9zfmexbw%3d%3d; a0HE5lsBiArOqyVwFytTmHBXODt73c0r7mMIjy2D3yzudCyZbVW6Tw%3d%3d=GZ5s2t4dPgs%3d; lUNytQ4fcOqaDZRnQCDYzTIq4%2bc%2fdISvn5tEXdqqpJRxDxdXsJ%2bxwmRLP3N%2bZ7Fv=s1ZRvYtlJ8s%3d; rozU75MYphtmpfRkkXlbVxsKLxfH9%2fQx4bW6QSQckZvQJZhQb6aIVA%3d%3d=s1ZRvYtlJ8s%3d; bswlz16F%2bM6aDZRnQCDYzQw%2fxmxAl1pNog4uXzQg1cfbOcPtQjcnXmRLP3N%2bZ7Fv=GZ5s2t4dPgs%3d; MvXKGvNgubntaL39zXUA4VE2ThQPncZHGBBssCqTH%2fHzKiZjofW5Mw%3d%3d=cRoS1gQMpCdkSz9zfmexbw%3d%3d; a0HE5lsBiArDsf6SBkN98VhFFOaC9Xh%2fo6yHMs9AozZSmQLj6IL3Ew%3d%3d=GZ5s2t4dPgs%3d; lUNytQ4fcOqaDZRnQCDYzQw%2fxmxAl1pNog4uXzQg1cfbOcPtQjcnXmRLP3N%2bZ7Fv=s1ZRvYtlJ8s%3d; rozU75MYphsry6e2gUYIneYDeK4ds%2fMlg106dmjf9tRXpQLHdb3WAg%3d%3d=s1ZRvYtlJ8s%3d; bswlz16F%2bM6aDZRnQCDYzXVSppuI3xcvPvGwpVq5OanI4bd%2bm3ix%2fWRLP3N%2bZ7Fv=GZ5s2t4dPgs%3d; MvXKGvNgubl9YtWxN358vf5yGc4nUMIcJlGb6zaodZG81jrLRloplQ%3d%3d=cRoS1gQMpCdkSz9zfmexbw%3d%3d; a0HE5lsBiAqUmuRcOWobHYvkjxald2XFXoCGH8NUsloWYiZ5VmNMaA%3d%3d=GZ5s2t4dPgs%3d; lUNytQ4fcOqaDZRnQCDYzXVSppuI3xcvPvGwpVq5OanI4bd%2bm3ix%2fWRLP3N%2bZ7Fv=s1ZRvYtlJ8s%3d; rozU75MYphsl8nsXeUpHIf4kWMeA4aE850aMOkzD3nSr4Q98PWXjEw%3d%3d=s1ZRvYtlJ8s%3d; bswlz16F%2bM6aDZRnQCDYzVCIHlkXtBPn%2fVk7d8Q7BZllNomBUHqR8WRLP3N%2bZ7Fv=GZ5s2t4dPgs%3d; MvXKGvNgubmRuQFL6xUFiGRSVe6KqKIBq0W38ma0R%2fFV42%2f6q0fXgA%3d%3d=cRoS1gQMpCdkSz9zfmexbw%3d%3d; a0HE5lsBiAoO%2b9%2bJasjXvPe%2bCCF1k7k1h2Fu%2f40jyufXozrpvWva3Q%3d%3d=GZ5s2t4dPgs%3d; lUNytQ4fcOqaDZRnQCDYzVCIHlkXtBPn%2fVk7d8Q7BZllNomBUHqR8WRLP3N%2bZ7Fv=s1ZRvYtlJ8s%3d; rozU75MYphur2PDzZuxJL2t%2fhk8u5E%2f4A9Gw3y344ZYZatPT1mkMFg%3d%3d=s1ZRvYtlJ8s%3d; bswlz16F%2bM6aDZRnQCDYzaYBFk%2flGm8z1vQGI%2flWYdYK79ArdEurpWRLP3N%2bZ7Fv=GZ5s2t4dPgs%3d; MvXKGvNgubkQ1DkLRFjheCIRvU2XiAz2%2fHJAY6u71B%2bik4K88VLgHg%3d%3d=cRoS1gQMpCdkSz9zfmexbw%3d%3d; a0HE5lsBiAo0QrC7NIZSGTiiMdPQvrBz7U7Zv5rlCiVa6Ep1709oqw%3d%3d=GZ5s2t4dPgs%3d; lUNytQ4fcOqaDZRnQCDYzaYBFk%2flGm8z1vQGI%2flWYdYK79ArdEurpWRLP3N%2bZ7Fv=s1ZRvYtlJ8s%3d; rozU75MYphtiWoZ6uyhHuTECoYl1xW%2bk1rIx0gqw%2b%2foreJS5JETPSA%3d%3d=s1ZRvYtlJ8s%3d; bswlz16F%2bM6aDZRnQCDYza39IXq5776IlkRM1itIt9r69TkCBlSHPGRLP3N%2bZ7Fv=GZ5s2t4dPgs%3d; MvXKGvNgublDtZTgqSaPodz6B1B6sNQpWFfn43WH%2b0PikO1uVILw3w%3d%3d=cRoS1gQMpCdkSz9zfmexbw%3d%3d; a0HE5lsBiAq%2bhpuRf6Ja6uMDbly8vB5B%2fmClgoqrfP9D8RpV4hPINg%3d%3d=GZ5s2t4dPgs%3d; lUNytQ4fcOqaDZRnQCDYza39IXq5776IlkRM1itIt9r69TkCBlSHPGRLP3N%2bZ7Fv=s1ZRvYtlJ8s%3d; Language=zh-cn, User-Agent=Mozilla/5.0 (Windows NT 6.1; WOW64) AppleWebKit/537.36 (KHTML, like Gecko) Chrome/43.0.2357.124 Safari/537.36, Content-Type=application/x-www-form-urlencoded;charset=UTF-8}]]>
              </value>
            </param>
            <param index="4">
              <value>
                <![CDATA[{Zip=false, functionname=CountEventLog, proid=null, endtime=2015-08-18 23:59:59, BTZ=480, starttime=2015-08-18 00:00:00, type=true, iecs=WTUR.Bool.Rd.b0.11041.10, wtid=652112121,652112122}]]>
              </value>
            </param>
          </params>
          <reporter-output>
          </reporter-output>
        </test-method> <!-- test0 -->
        <test-method status="PASS" signature="test0(java.lang.String, java.lang.String, java.lang.String, java.util.Map, java.util.Map)[pri:0, instance:org.gradle.HttpServiceTest@7823a2f9]" name="test0" duration-ms="234" started-at="2015-09-17T17:21:42Z" data-provider="test0" finished-at="2015-09-17T17:21:42Z">
          <params>
            <param index="0">
              <value>
                <![CDATA[012]]>
              </value>
            </param>
            <param index="1">
              <value>
                <![CDATA[POST]]>
              </value>
            </param>
            <param index="2">
              <value>
                <![CDATA[http://10.64.23.5:8001/Monitor/xml.aspx]]>
              </value>
            </param>
            <param index="3">
              <value>
                <![CDATA[{Cookie=rozU75MYphu9PzUEOED2dz35rh98MN9uCwKBJ8hcnvyLz1hWHL0jyg%3d%3d=s1ZRvYtlJ8s%3d; bswlz16F%2bM6aDZRnQCDYzY75X46A%2bfmy9p9pi7eYnItM0i7raN2hyWRLP3N%2bZ7Fv=GZ5s2t4dPgs%3d; MvXKGvNgubnkyOGAuA0uzKLsxupZ8YjbnXWOxWyDju%2ffUHRg9ljbWQ%3d%3d=cRoS1gQMpCdkSz9zfmexbw%3d%3d; a0HE5lsBiAqUmuRcOWobHdOvJllpZ6stc1dEgbjAVAUngDhAMughWg%3d%3d=GZ5s2t4dPgs%3d; lUNytQ4fcOqaDZRnQCDYzY75X46A%2bfmy9p9pi7eYnItM0i7raN2hyWRLP3N%2bZ7Fv=s1ZRvYtlJ8s%3d; rozU75MYpht3LtI%2bQ%2b7sDpPuCT3eb%2fmbAFumXQfkbU1xNM10QIbFIg%3d%3d=s1ZRvYtlJ8s%3d; bswlz16F%2bM6aDZRnQCDYzTIq4%2bc%2fdISvn5tEXdqqpJRxDxdXsJ%2bxwmRLP3N%2bZ7Fv=GZ5s2t4dPgs%3d; MvXKGvNgubmz8Pt2EAHHuMlxjHcuAp3jhxEpdms0Tf2N5YcSpoQprg%3d%3d=cRoS1gQMpCdkSz9zfmexbw%3d%3d; a0HE5lsBiArOqyVwFytTmHBXODt73c0r7mMIjy2D3yzudCyZbVW6Tw%3d%3d=GZ5s2t4dPgs%3d; lUNytQ4fcOqaDZRnQCDYzTIq4%2bc%2fdISvn5tEXdqqpJRxDxdXsJ%2bxwmRLP3N%2bZ7Fv=s1ZRvYtlJ8s%3d; rozU75MYphtmpfRkkXlbVxsKLxfH9%2fQx4bW6QSQckZvQJZhQb6aIVA%3d%3d=s1ZRvYtlJ8s%3d; bswlz16F%2bM6aDZRnQCDYzQw%2fxmxAl1pNog4uXzQg1cfbOcPtQjcnXmRLP3N%2bZ7Fv=GZ5s2t4dPgs%3d; MvXKGvNgubntaL39zXUA4VE2ThQPncZHGBBssCqTH%2fHzKiZjofW5Mw%3d%3d=cRoS1gQMpCdkSz9zfmexbw%3d%3d; a0HE5lsBiArDsf6SBkN98VhFFOaC9Xh%2fo6yHMs9AozZSmQLj6IL3Ew%3d%3d=GZ5s2t4dPgs%3d; lUNytQ4fcOqaDZRnQCDYzQw%2fxmxAl1pNog4uXzQg1cfbOcPtQjcnXmRLP3N%2bZ7Fv=s1ZRvYtlJ8s%3d; rozU75MYphsry6e2gUYIneYDeK4ds%2fMlg106dmjf9tRXpQLHdb3WAg%3d%3d=s1ZRvYtlJ8s%3d; bswlz16F%2bM6aDZRnQCDYzXVSppuI3xcvPvGwpVq5OanI4bd%2bm3ix%2fWRLP3N%2bZ7Fv=GZ5s2t4dPgs%3d; MvXKGvNgubl9YtWxN358vf5yGc4nUMIcJlGb6zaodZG81jrLRloplQ%3d%3d=cRoS1gQMpCdkSz9zfmexbw%3d%3d; a0HE5lsBiAqUmuRcOWobHYvkjxald2XFXoCGH8NUsloWYiZ5VmNMaA%3d%3d=GZ5s2t4dPgs%3d; lUNytQ4fcOqaDZRnQCDYzXVSppuI3xcvPvGwpVq5OanI4bd%2bm3ix%2fWRLP3N%2bZ7Fv=s1ZRvYtlJ8s%3d; rozU75MYphsl8nsXeUpHIf4kWMeA4aE850aMOkzD3nSr4Q98PWXjEw%3d%3d=s1ZRvYtlJ8s%3d; bswlz16F%2bM6aDZRnQCDYzVCIHlkXtBPn%2fVk7d8Q7BZllNomBUHqR8WRLP3N%2bZ7Fv=GZ5s2t4dPgs%3d; MvXKGvNgubmRuQFL6xUFiGRSVe6KqKIBq0W38ma0R%2fFV42%2f6q0fXgA%3d%3d=cRoS1gQMpCdkSz9zfmexbw%3d%3d; a0HE5lsBiAoO%2b9%2bJasjXvPe%2bCCF1k7k1h2Fu%2f40jyufXozrpvWva3Q%3d%3d=GZ5s2t4dPgs%3d; lUNytQ4fcOqaDZRnQCDYzVCIHlkXtBPn%2fVk7d8Q7BZllNomBUHqR8WRLP3N%2bZ7Fv=s1ZRvYtlJ8s%3d; rozU75MYphur2PDzZuxJL2t%2fhk8u5E%2f4A9Gw3y344ZYZatPT1mkMFg%3d%3d=s1ZRvYtlJ8s%3d; bswlz16F%2bM6aDZRnQCDYzaYBFk%2flGm8z1vQGI%2flWYdYK79ArdEurpWRLP3N%2bZ7Fv=GZ5s2t4dPgs%3d; MvXKGvNgubkQ1DkLRFjheCIRvU2XiAz2%2fHJAY6u71B%2bik4K88VLgHg%3d%3d=cRoS1gQMpCdkSz9zfmexbw%3d%3d; a0HE5lsBiAo0QrC7NIZSGTiiMdPQvrBz7U7Zv5rlCiVa6Ep1709oqw%3d%3d=GZ5s2t4dPgs%3d; lUNytQ4fcOqaDZRnQCDYzaYBFk%2flGm8z1vQGI%2flWYdYK79ArdEurpWRLP3N%2bZ7Fv=s1ZRvYtlJ8s%3d; rozU75MYphtiWoZ6uyhHuTECoYl1xW%2bk1rIx0gqw%2b%2foreJS5JETPSA%3d%3d=s1ZRvYtlJ8s%3d; bswlz16F%2bM6aDZRnQCDYza39IXq5776IlkRM1itIt9r69TkCBlSHPGRLP3N%2bZ7Fv=GZ5s2t4dPgs%3d; MvXKGvNgublDtZTgqSaPodz6B1B6sNQpWFfn43WH%2b0PikO1uVILw3w%3d%3d=cRoS1gQMpCdkSz9zfmexbw%3d%3d; a0HE5lsBiAq%2bhpuRf6Ja6uMDbly8vB5B%2fmClgoqrfP9D8RpV4hPINg%3d%3d=GZ5s2t4dPgs%3d; lUNytQ4fcOqaDZRnQCDYza39IXq5776IlkRM1itIt9r69TkCBlSHPGRLP3N%2bZ7Fv=s1ZRvYtlJ8s%3d; Language=zh-cn, User-Agent=Mozilla/5.0 (Windows NT 6.1; WOW64) AppleWebKit/537.36 (KHTML, like Gecko) Chrome/43.0.2357.124 Safari/537.36, Content-Type=application/x-www-form-urlencoded;charset=UTF-8}]]>
              </value>
            </param>
            <param index="4">
              <value>
                <![CDATA[{Zip=false, groupbydevice=0, functionname=CountStateData, iec=WTUR.Other.Wn.I16.StopModeWord, endtime=2015-08-18 23:59:59, BTZ=480, starttime=2015-08-18 00:00:00, wtid=652112121,652112122}]]>
              </value>
            </param>
          </params>
          <reporter-output>
          </reporter-output>
        </test-method> <!-- test0 -->
        <test-method status="PASS" signature="test0(java.lang.String, java.lang.String, java.lang.String, java.util.Map, java.util.Map)[pri:0, instance:org.gradle.HttpServiceTest@7823a2f9]" name="test0" duration-ms="174" started-at="2015-09-17T17:21:42Z" data-provider="test0" finished-at="2015-09-17T17:21:42Z">
          <params>
            <param index="0">
              <value>
                <![CDATA[013]]>
              </value>
            </param>
            <param index="1">
              <value>
                <![CDATA[POST]]>
              </value>
            </param>
            <param index="2">
              <value>
                <![CDATA[http://10.64.23.5:8001/Monitor/xml.aspx]]>
              </value>
            </param>
            <param index="3">
              <value>
                <![CDATA[{Cookie=rozU75MYphu9PzUEOED2dz35rh98MN9uCwKBJ8hcnvyLz1hWHL0jyg%3d%3d=s1ZRvYtlJ8s%3d; bswlz16F%2bM6aDZRnQCDYzY75X46A%2bfmy9p9pi7eYnItM0i7raN2hyWRLP3N%2bZ7Fv=GZ5s2t4dPgs%3d; MvXKGvNgubnkyOGAuA0uzKLsxupZ8YjbnXWOxWyDju%2ffUHRg9ljbWQ%3d%3d=cRoS1gQMpCdkSz9zfmexbw%3d%3d; a0HE5lsBiAqUmuRcOWobHdOvJllpZ6stc1dEgbjAVAUngDhAMughWg%3d%3d=GZ5s2t4dPgs%3d; lUNytQ4fcOqaDZRnQCDYzY75X46A%2bfmy9p9pi7eYnItM0i7raN2hyWRLP3N%2bZ7Fv=s1ZRvYtlJ8s%3d; rozU75MYpht3LtI%2bQ%2b7sDpPuCT3eb%2fmbAFumXQfkbU1xNM10QIbFIg%3d%3d=s1ZRvYtlJ8s%3d; bswlz16F%2bM6aDZRnQCDYzTIq4%2bc%2fdISvn5tEXdqqpJRxDxdXsJ%2bxwmRLP3N%2bZ7Fv=GZ5s2t4dPgs%3d; MvXKGvNgubmz8Pt2EAHHuMlxjHcuAp3jhxEpdms0Tf2N5YcSpoQprg%3d%3d=cRoS1gQMpCdkSz9zfmexbw%3d%3d; a0HE5lsBiArOqyVwFytTmHBXODt73c0r7mMIjy2D3yzudCyZbVW6Tw%3d%3d=GZ5s2t4dPgs%3d; lUNytQ4fcOqaDZRnQCDYzTIq4%2bc%2fdISvn5tEXdqqpJRxDxdXsJ%2bxwmRLP3N%2bZ7Fv=s1ZRvYtlJ8s%3d; rozU75MYphtmpfRkkXlbVxsKLxfH9%2fQx4bW6QSQckZvQJZhQb6aIVA%3d%3d=s1ZRvYtlJ8s%3d; bswlz16F%2bM6aDZRnQCDYzQw%2fxmxAl1pNog4uXzQg1cfbOcPtQjcnXmRLP3N%2bZ7Fv=GZ5s2t4dPgs%3d; MvXKGvNgubntaL39zXUA4VE2ThQPncZHGBBssCqTH%2fHzKiZjofW5Mw%3d%3d=cRoS1gQMpCdkSz9zfmexbw%3d%3d; a0HE5lsBiArDsf6SBkN98VhFFOaC9Xh%2fo6yHMs9AozZSmQLj6IL3Ew%3d%3d=GZ5s2t4dPgs%3d; lUNytQ4fcOqaDZRnQCDYzQw%2fxmxAl1pNog4uXzQg1cfbOcPtQjcnXmRLP3N%2bZ7Fv=s1ZRvYtlJ8s%3d; rozU75MYphsry6e2gUYIneYDeK4ds%2fMlg106dmjf9tRXpQLHdb3WAg%3d%3d=s1ZRvYtlJ8s%3d; bswlz16F%2bM6aDZRnQCDYzXVSppuI3xcvPvGwpVq5OanI4bd%2bm3ix%2fWRLP3N%2bZ7Fv=GZ5s2t4dPgs%3d; MvXKGvNgubl9YtWxN358vf5yGc4nUMIcJlGb6zaodZG81jrLRloplQ%3d%3d=cRoS1gQMpCdkSz9zfmexbw%3d%3d; a0HE5lsBiAqUmuRcOWobHYvkjxald2XFXoCGH8NUsloWYiZ5VmNMaA%3d%3d=GZ5s2t4dPgs%3d; lUNytQ4fcOqaDZRnQCDYzXVSppuI3xcvPvGwpVq5OanI4bd%2bm3ix%2fWRLP3N%2bZ7Fv=s1ZRvYtlJ8s%3d; rozU75MYphsl8nsXeUpHIf4kWMeA4aE850aMOkzD3nSr4Q98PWXjEw%3d%3d=s1ZRvYtlJ8s%3d; bswlz16F%2bM6aDZRnQCDYzVCIHlkXtBPn%2fVk7d8Q7BZllNomBUHqR8WRLP3N%2bZ7Fv=GZ5s2t4dPgs%3d; MvXKGvNgubmRuQFL6xUFiGRSVe6KqKIBq0W38ma0R%2fFV42%2f6q0fXgA%3d%3d=cRoS1gQMpCdkSz9zfmexbw%3d%3d; a0HE5lsBiAoO%2b9%2bJasjXvPe%2bCCF1k7k1h2Fu%2f40jyufXozrpvWva3Q%3d%3d=GZ5s2t4dPgs%3d; lUNytQ4fcOqaDZRnQCDYzVCIHlkXtBPn%2fVk7d8Q7BZllNomBUHqR8WRLP3N%2bZ7Fv=s1ZRvYtlJ8s%3d; rozU75MYphur2PDzZuxJL2t%2fhk8u5E%2f4A9Gw3y344ZYZatPT1mkMFg%3d%3d=s1ZRvYtlJ8s%3d; bswlz16F%2bM6aDZRnQCDYzaYBFk%2flGm8z1vQGI%2flWYdYK79ArdEurpWRLP3N%2bZ7Fv=GZ5s2t4dPgs%3d; MvXKGvNgubkQ1DkLRFjheCIRvU2XiAz2%2fHJAY6u71B%2bik4K88VLgHg%3d%3d=cRoS1gQMpCdkSz9zfmexbw%3d%3d; a0HE5lsBiAo0QrC7NIZSGTiiMdPQvrBz7U7Zv5rlCiVa6Ep1709oqw%3d%3d=GZ5s2t4dPgs%3d; lUNytQ4fcOqaDZRnQCDYzaYBFk%2flGm8z1vQGI%2flWYdYK79ArdEurpWRLP3N%2bZ7Fv=s1ZRvYtlJ8s%3d; rozU75MYphtiWoZ6uyhHuTECoYl1xW%2bk1rIx0gqw%2b%2foreJS5JETPSA%3d%3d=s1ZRvYtlJ8s%3d; bswlz16F%2bM6aDZRnQCDYza39IXq5776IlkRM1itIt9r69TkCBlSHPGRLP3N%2bZ7Fv=GZ5s2t4dPgs%3d; MvXKGvNgublDtZTgqSaPodz6B1B6sNQpWFfn43WH%2b0PikO1uVILw3w%3d%3d=cRoS1gQMpCdkSz9zfmexbw%3d%3d; a0HE5lsBiAq%2bhpuRf6Ja6uMDbly8vB5B%2fmClgoqrfP9D8RpV4hPINg%3d%3d=GZ5s2t4dPgs%3d; lUNytQ4fcOqaDZRnQCDYza39IXq5776IlkRM1itIt9r69TkCBlSHPGRLP3N%2bZ7Fv=s1ZRvYtlJ8s%3d; Language=zh-cn, User-Agent=Mozilla/5.0 (Windows NT 6.1; WOW64) AppleWebKit/537.36 (KHTML, like Gecko) Chrome/43.0.2357.124 Safari/537.36, Content-Type=application/x-www-form-urlencoded;charset=UTF-8}]]>
              </value>
            </param>
            <param index="4">
              <value>
                <![CDATA[{Zip=false, groupbydevice=0, functionname=CountStateData, iec=WTUR.Flt.Ri.I32.main, endtime=2015-08-18 23:59:59, BTZ=480, starttime=2015-08-18 00:00:00, wtid=652112121,652112122}]]>
              </value>
            </param>
          </params>
          <reporter-output>
          </reporter-output>
        </test-method> <!-- test0 -->
        <test-method status="PASS" signature="teardown()[pri:0, instance:org.gradle.HttpServiceTest@7823a2f9]" name="teardown" is-config="true" duration-ms="1" started-at="2015-09-17T17:21:42Z" finished-at="2015-09-17T17:21:42Z">
          <reporter-output>
          </reporter-output>
        </test-method> <!-- teardown -->
      </class> <!-- org.gradle.HttpServiceTest -->
    </test> <!-- Default test -->
  </suite> <!-- Default suite -->
</testng-results>
